{"/home/travis/build/npmtest/node-npmtest-cheerio-httpcli/test.js":{"path":"/home/travis/build/npmtest/node-npmtest-cheerio-httpcli/test.js","s":{"1":2,"2":2,"3":2,"4":2,"5":2,"6":2,"7":2,"8":1,"9":2,"10":2,"11":1,"12":1,"13":1,"14":1,"15":2,"16":2,"17":2,"18":2,"19":1,"20":1,"21":2,"22":2,"23":2,"24":1,"25":1,"26":1,"27":1,"28":1,"29":1,"30":1,"31":1,"32":1,"33":1,"34":1,"35":1,"36":1,"37":1,"38":1,"39":2,"40":2,"41":1,"42":2,"43":2,"44":1,"45":2,"46":2,"47":1,"48":2,"49":2,"50":1,"51":1,"52":1,"53":1,"54":1},"b":{"1":[2,1,1,1],"2":[1,1,1,1],"3":[1,1],"4":[1,1],"5":[1,1],"6":[1,1],"7":[1,1],"8":[1,1],"9":[1,1],"10":[1,1,1],"11":[1,1],"12":[1,1],"13":[1,1],"14":[1,1],"15":[1,1],"16":[1,1],"17":[1,1]},"f":{"1":2,"2":2,"3":2,"4":2,"5":2,"6":1,"7":1,"8":1,"9":2,"10":2,"11":2,"12":2,"13":1},"fnMap":{"1":{"name":"(anonymous_1)","line":12,"loc":{"start":{"line":12,"column":1},"end":{"line":12,"column":13}}},"2":{"name":"(anonymous_2)","line":19,"loc":{"start":{"line":19,"column":5},"end":{"line":19,"column":17}}},"3":{"name":"(anonymous_3)","line":23,"loc":{"start":{"line":23,"column":24},"end":{"line":23,"column":36}}},"4":{"name":"(anonymous_4)","line":61,"loc":{"start":{"line":61,"column":5},"end":{"line":61,"column":17}}},"5":{"name":"(anonymous_5)","line":82,"loc":{"start":{"line":82,"column":5},"end":{"line":82,"column":17}}},"6":{"name":"(anonymous_6)","line":91,"loc":{"start":{"line":91,"column":77},"end":{"line":94,"column":10}}},"7":{"name":"(anonymous_7)","line":112,"loc":{"start":{"line":112,"column":83},"end":{"line":115,"column":10}},"skip":true},"8":{"name":"(anonymous_8)","line":123,"loc":{"start":{"line":123,"column":77},"end":{"line":126,"column":10}},"skip":true},"9":{"name":"(anonymous_9)","line":139,"loc":{"start":{"line":139,"column":12},"end":{"line":139,"column":40}},"skip":true},"10":{"name":"(anonymous_10)","line":147,"loc":{"start":{"line":147,"column":77},"end":{"line":150,"column":10}},"skip":true},"11":{"name":"(anonymous_11)","line":158,"loc":{"start":{"line":158,"column":83},"end":{"line":161,"column":10}},"skip":true},"12":{"name":"(anonymous_12)","line":169,"loc":{"start":{"line":169,"column":79},"end":{"line":172,"column":10}},"skip":true},"13":{"name":"(anonymous_13)","line":180,"loc":{"start":{"line":180,"column":75},"end":{"line":183,"column":10}},"skip":true}},"statementMap":{"1":{"start":{"line":12,"column":0},"end":{"line":195,"column":5}},"2":{"start":{"line":14,"column":4},"end":{"line":14,"column":14}},"3":{"start":{"line":19,"column":4},"end":{"line":56,"column":9}},"4":{"start":{"line":21,"column":8},"end":{"line":21,"column":19}},"5":{"start":{"line":23,"column":8},"end":{"line":35,"column":13}},"6":{"start":{"line":24,"column":12},"end":{"line":34,"column":13}},"7":{"start":{"line":25,"column":16},"end":{"line":28,"column":30}},"8":{"start":{"line":30,"column":16},"end":{"line":33,"column":27}},"9":{"start":{"line":37,"column":8},"end":{"line":39,"column":21}},"10":{"start":{"line":40,"column":8},"end":{"line":53,"column":9}},"11":{"start":{"line":43,"column":12},"end":{"line":46,"column":14}},"12":{"start":{"line":47,"column":12},"end":{"line":47,"column":18}},"13":{"start":{"line":50,"column":12},"end":{"line":51,"column":46}},"14":{"start":{"line":52,"column":12},"end":{"line":52,"column":18}},"15":{"start":{"line":55,"column":8},"end":{"line":55,"column":35}},"16":{"start":{"line":61,"column":4},"end":{"line":63,"column":9}},"17":{"start":{"line":62,"column":8},"end":{"line":62,"column":15}},"18":{"start":{"line":64,"column":4},"end":{"line":77,"column":5}},"19":{"start":{"line":70,"column":8},"end":{"line":70,"column":14}},"20":{"start":{"line":76,"column":8},"end":{"line":76,"column":14}},"21":{"start":{"line":82,"column":4},"end":{"line":84,"column":9}},"22":{"start":{"line":83,"column":8},"end":{"line":83,"column":15}},"23":{"start":{"line":85,"column":4},"end":{"line":194,"column":5}},"24":{"start":{"line":91,"column":8},"end":{"line":99,"column":10}},"25":{"start":{"line":98,"column":12},"end":{"line":98,"column":35}},"26":{"start":{"line":102,"column":8},"end":{"line":104,"column":63}},"27":{"start":{"line":105,"column":8},"end":{"line":105,"column":14}},"28":{"start":{"line":112,"column":8},"end":{"line":121,"column":10},"skip":true},"29":{"start":{"line":119,"column":12},"end":{"line":119,"column":55},"skip":true},"30":{"start":{"line":120,"column":12},"end":{"line":120,"column":48},"skip":true},"31":{"start":{"line":123,"column":8},"end":{"line":136,"column":10},"skip":true},"32":{"start":{"line":130,"column":12},"end":{"line":130,"column":76},"skip":true},"33":{"start":{"line":131,"column":12},"end":{"line":131,"column":73},"skip":true},"34":{"start":{"line":132,"column":12},"end":{"line":132,"column":74},"skip":true},"35":{"start":{"line":133,"column":12},"end":{"line":133,"column":79},"skip":true},"36":{"start":{"line":134,"column":12},"end":{"line":134,"column":25},"skip":true},"37":{"start":{"line":135,"column":12},"end":{"line":135,"column":45},"skip":true},"38":{"start":{"line":138,"column":8},"end":{"line":145,"column":14},"skip":true},"39":{"start":{"line":143,"column":16},"end":{"line":143,"column":29},"skip":true},"40":{"start":{"line":144,"column":16},"end":{"line":144,"column":55},"skip":true},"41":{"start":{"line":147,"column":8},"end":{"line":156,"column":10},"skip":true},"42":{"start":{"line":154,"column":12},"end":{"line":154,"column":25},"skip":true},"43":{"start":{"line":155,"column":12},"end":{"line":155,"column":45},"skip":true},"44":{"start":{"line":158,"column":8},"end":{"line":167,"column":10},"skip":true},"45":{"start":{"line":165,"column":12},"end":{"line":165,"column":25},"skip":true},"46":{"start":{"line":166,"column":12},"end":{"line":166,"column":48},"skip":true},"47":{"start":{"line":169,"column":8},"end":{"line":178,"column":10},"skip":true},"48":{"start":{"line":176,"column":12},"end":{"line":176,"column":25},"skip":true},"49":{"start":{"line":177,"column":12},"end":{"line":177,"column":46},"skip":true},"50":{"start":{"line":180,"column":8},"end":{"line":189,"column":10},"skip":true},"51":{"start":{"line":187,"column":12},"end":{"line":187,"column":94},"skip":true},"52":{"start":{"line":188,"column":12},"end":{"line":188,"column":48},"skip":true},"53":{"start":{"line":192,"column":8},"end":{"line":192,"column":35},"skip":true},"54":{"start":{"line":193,"column":8},"end":{"line":193,"column":14},"skip":true}},"branchMap":{"1":{"line":25,"type":"binary-expr","locations":[{"start":{"line":25,"column":23},"end":{"line":25,"column":62}},{"start":{"line":26,"column":20},"end":{"line":26,"column":70}},{"start":{"line":27,"column":20},"end":{"line":27,"column":71}},{"start":{"line":28,"column":20},"end":{"line":28,"column":29}}]},"2":{"line":30,"type":"binary-expr","locations":[{"start":{"line":30,"column":23},"end":{"line":30,"column":37}},{"start":{"line":31,"column":20},"end":{"line":31,"column":61}},{"start":{"line":32,"column":20},"end":{"line":32,"column":70}},{"start":{"line":33,"column":20},"end":{"line":33,"column":26}}]},"3":{"line":37,"type":"cond-expr","locations":[{"start":{"line":38,"column":14},"end":{"line":38,"column":20}},{"start":{"line":39,"column":14},"end":{"line":39,"column":20}}]},"4":{"line":40,"type":"switch","locations":[{"start":{"line":42,"column":8},"end":{"line":47,"column":18}},{"start":{"line":49,"column":8},"end":{"line":52,"column":18}}]},"5":{"line":44,"type":"binary-expr","locations":[{"start":{"line":44,"column":16},"end":{"line":44,"column":44}},{"start":{"line":44,"column":48},"end":{"line":44,"column":66}}]},"6":{"line":50,"type":"binary-expr","locations":[{"start":{"line":50,"column":21},"end":{"line":50,"column":49}},{"start":{"line":50,"column":53},"end":{"line":50,"column":72}}]},"7":{"line":64,"type":"switch","locations":[{"start":{"line":69,"column":4},"end":{"line":70,"column":14}},{"start":{"line":75,"column":4},"end":{"line":76,"column":14}}]},"8":{"line":85,"type":"switch","locations":[{"start":{"line":90,"column":4},"end":{"line":105,"column":14}},{"start":{"line":111,"column":4},"end":{"line":193,"column":14},"skip":true}]},"9":{"line":91,"type":"binary-expr","locations":[{"start":{"line":91,"column":42},"end":{"line":91,"column":73}},{"start":{"line":91,"column":77},"end":{"line":99,"column":9}}]},"10":{"line":102,"type":"binary-expr","locations":[{"start":{"line":102,"column":18},"end":{"line":102,"column":32}},{"start":{"line":103,"column":12},"end":{"line":103,"column":53}},{"start":{"line":104,"column":12},"end":{"line":104,"column":61}}]},"11":{"line":112,"type":"binary-expr","locations":[{"start":{"line":112,"column":45},"end":{"line":112,"column":79},"skip":true},{"start":{"line":112,"column":83},"end":{"line":121,"column":9},"skip":true}]},"12":{"line":123,"type":"binary-expr","locations":[{"start":{"line":123,"column":42},"end":{"line":123,"column":73},"skip":true},{"start":{"line":123,"column":77},"end":{"line":136,"column":9},"skip":true}]},"13":{"line":138,"type":"binary-expr","locations":[{"start":{"line":138,"column":48},"end":{"line":138,"column":85},"skip":true},{"start":{"line":139,"column":12},"end":{"line":145,"column":13},"skip":true}]},"14":{"line":147,"type":"binary-expr","locations":[{"start":{"line":147,"column":42},"end":{"line":147,"column":73},"skip":true},{"start":{"line":147,"column":77},"end":{"line":156,"column":9},"skip":true}]},"15":{"line":158,"type":"binary-expr","locations":[{"start":{"line":158,"column":45},"end":{"line":158,"column":79},"skip":true},{"start":{"line":158,"column":83},"end":{"line":167,"column":9},"skip":true}]},"16":{"line":169,"type":"binary-expr","locations":[{"start":{"line":169,"column":43},"end":{"line":169,"column":75},"skip":true},{"start":{"line":169,"column":79},"end":{"line":178,"column":9},"skip":true}]},"17":{"line":180,"type":"binary-expr","locations":[{"start":{"line":180,"column":41},"end":{"line":180,"column":71},"skip":true},{"start":{"line":180,"column":75},"end":{"line":189,"column":9},"skip":true}]}},"code":["/* istanbul instrument in package npmtest_cheerio_httpcli */","/*jslint","    bitwise: true,","    browser: true,","    maxerr: 8,","    maxlen: 96,","    node: true,","    nomen: true,","    regexp: true,","    stupid: true","*/","(function () {","    'use strict';","    var local;","","","","    // run shared js-env code - pre-init","    (function () {","        // init local","        local = {};","        // init modeJs","        local.modeJs = (function () {","            try {","                return typeof navigator.userAgent === 'string' &&","                    typeof document.querySelector('body') === 'object' &&","                    typeof XMLHttpRequest.prototype.open === 'function' &&","                    'browser';","            } catch (errorCaughtBrowser) {","                return module.exports &&","                    typeof process.versions.node === 'string' &&","                    typeof require('http').createServer === 'function' &&","                    'node';","            }","        }());","        // init global","        local.global = local.modeJs === 'browser'","            ? window","            : global;","        switch (local.modeJs) {","        // re-init local from window.local","        case 'browser':","            local = local.global.utility2.objectSetDefault(","                local.global.utility2_rollup || local.global.local,","                local.global.utility2","            );","            break;","        // re-init local from example.js","        case 'node':","            local = (local.global.utility2_rollup || require('utility2'))","                .requireExampleJsFromReadme();","            break;","        }","        // export local","        local.global.local = local;","    }());","","","","    // run shared js-env code - function","    (function () {","        return;","    }());","    switch (local.modeJs) {","","","","    // run browser js-env code - function","    case 'browser':","        break;","","","","    // run node js-env code - function","    case 'node':","        break;","    }","","","","    // run shared js-env code - post-init","    (function () {","        return;","    }());","    switch (local.modeJs) {","","","","    // run browser js-env code - post-init","    case 'browser':","        local.testCase_browser_nullCase = local.testCase_browser_nullCase || function (","            options,","            onError","        ) {","        /*","         * this function will test browsers's null-case handling-behavior-behavior","         */","            onError(null, options);","        };","","        // run tests","        local.nop(local.modeTest &&","            document.querySelector('#testRunButton1') &&","            document.querySelector('#testRunButton1').click());","        break;","","","","    // run node js-env code - post-init","    /* istanbul ignore next */","    case 'node':","        local.testCase_buildApidoc_default = local.testCase_buildApidoc_default || function (","            options,","            onError","        ) {","        /*","         * this function will test buildApidoc's default handling-behavior-behavior","         */","            options = { modulePathList: module.paths };","            local.buildApidoc(options, onError);","        };","","        local.testCase_buildApp_default = local.testCase_buildApp_default || function (","            options,","            onError","        ) {","        /*","         * this function will test buildApp's default handling-behavior-behavior","         */","            local.testCase_buildReadme_default(options, local.onErrorThrow);","            local.testCase_buildLib_default(options, local.onErrorThrow);","            local.testCase_buildTest_default(options, local.onErrorThrow);","            local.testCase_buildCustomOrg_default(options, local.onErrorThrow);","            options = [];","            local.buildApp(options, onError);","        };","","        local.testCase_buildCustomOrg_default = local.testCase_buildCustomOrg_default ||","            function (options, onError) {","            /*","             * this function will test buildCustomOrg's default handling-behavior","             */","                options = {};","                local.buildCustomOrg(options, onError);","            };","","        local.testCase_buildLib_default = local.testCase_buildLib_default || function (","            options,","            onError","        ) {","        /*","         * this function will test buildLib's default handling-behavior","         */","            options = {};","            local.buildLib(options, onError);","        };","","        local.testCase_buildReadme_default = local.testCase_buildReadme_default || function (","            options,","            onError","        ) {","        /*","         * this function will test buildReadme's default handling-behavior-behavior","         */","            options = {};","            local.buildReadme(options, onError);","        };","","        local.testCase_buildTest_default = local.testCase_buildTest_default || function (","            options,","            onError","        ) {","        /*","         * this function will test buildTest's default handling-behavior","         */","            options = {};","            local.buildTest(options, onError);","        };","","        local.testCase_webpage_default = local.testCase_webpage_default || function (","            options,","            onError","        ) {","        /*","         * this function will test webpage's default handling-behavior","         */","            options = { modeCoverageMerge: true, url: local.serverLocalHost + '?modeTest=1' };","            local.browserTest(options, onError);","        };","","        // run test-server","        local.testRunServer(local);","        break;","    }","}());",""],"l":{"12":2,"14":2,"19":2,"21":2,"23":2,"24":2,"25":2,"30":1,"37":2,"40":2,"43":1,"47":1,"50":1,"52":1,"55":2,"61":2,"62":2,"64":2,"70":1,"76":1,"82":2,"83":2,"85":2,"91":1,"98":1,"102":1,"105":1,"112":1,"119":1,"120":1,"123":1,"130":1,"131":1,"132":1,"133":1,"134":1,"135":1,"138":1,"143":2,"144":2,"147":1,"154":2,"155":2,"158":1,"165":2,"166":2,"169":1,"176":2,"177":2,"180":1,"187":1,"188":1,"192":1,"193":1}},"/home/travis/build/npmtest/node-npmtest-cheerio-httpcli/lib.npmtest_cheerio_httpcli.js":{"path":"/home/travis/build/npmtest/node-npmtest-cheerio-httpcli/lib.npmtest_cheerio_httpcli.js","s":{"1":2,"2":2,"3":2,"4":2,"5":2,"6":2,"7":2,"8":1,"9":2,"10":2,"11":2,"12":2,"13":1,"14":1,"15":1,"16":1},"b":{"1":[2,1,1,1],"2":[1,1,1,1],"3":[1,1],"4":[2,2],"5":[1,1]},"f":{"1":2,"2":2,"3":2},"fnMap":{"1":{"name":"(anonymous_1)","line":12,"loc":{"start":{"line":12,"column":1},"end":{"line":12,"column":13}}},"2":{"name":"(anonymous_2)","line":19,"loc":{"start":{"line":19,"column":5},"end":{"line":19,"column":17}}},"3":{"name":"(anonymous_3)","line":23,"loc":{"start":{"line":23,"column":24},"end":{"line":23,"column":36}}}},"statementMap":{"1":{"start":{"line":12,"column":0},"end":{"line":53,"column":5}},"2":{"start":{"line":14,"column":4},"end":{"line":14,"column":14}},"3":{"start":{"line":19,"column":4},"end":{"line":52,"column":9}},"4":{"start":{"line":21,"column":8},"end":{"line":21,"column":19}},"5":{"start":{"line":23,"column":8},"end":{"line":35,"column":13}},"6":{"start":{"line":24,"column":12},"end":{"line":34,"column":13}},"7":{"start":{"line":25,"column":16},"end":{"line":28,"column":30}},"8":{"start":{"line":30,"column":16},"end":{"line":33,"column":27}},"9":{"start":{"line":37,"column":8},"end":{"line":39,"column":21}},"10":{"start":{"line":41,"column":8},"end":{"line":41,"column":54}},"11":{"start":{"line":43,"column":8},"end":{"line":43,"column":60}},"12":{"start":{"line":45,"column":8},"end":{"line":51,"column":9}},"13":{"start":{"line":46,"column":12},"end":{"line":46,"column":66}},"14":{"start":{"line":48,"column":12},"end":{"line":48,"column":35}},"15":{"start":{"line":49,"column":12},"end":{"line":49,"column":49}},"16":{"start":{"line":50,"column":12},"end":{"line":50,"column":43}}},"branchMap":{"1":{"line":25,"type":"binary-expr","locations":[{"start":{"line":25,"column":23},"end":{"line":25,"column":62}},{"start":{"line":26,"column":20},"end":{"line":26,"column":70}},{"start":{"line":27,"column":20},"end":{"line":27,"column":71}},{"start":{"line":28,"column":20},"end":{"line":28,"column":29}}]},"2":{"line":30,"type":"binary-expr","locations":[{"start":{"line":30,"column":23},"end":{"line":30,"column":37}},{"start":{"line":31,"column":20},"end":{"line":31,"column":61}},{"start":{"line":32,"column":20},"end":{"line":32,"column":70}},{"start":{"line":33,"column":20},"end":{"line":33,"column":26}}]},"3":{"line":37,"type":"cond-expr","locations":[{"start":{"line":38,"column":14},"end":{"line":38,"column":20}},{"start":{"line":39,"column":14},"end":{"line":39,"column":20}}]},"4":{"line":41,"type":"binary-expr","locations":[{"start":{"line":41,"column":16},"end":{"line":41,"column":44}},{"start":{"line":41,"column":48},"end":{"line":41,"column":53}}]},"5":{"line":45,"type":"if","locations":[{"start":{"line":45,"column":8},"end":{"line":45,"column":8}},{"start":{"line":45,"column":8},"end":{"line":45,"column":8}}]}},"code":["/* istanbul instrument in package npmtest_cheerio_httpcli */","/*jslint","    bitwise: true,","    browser: true,","    maxerr: 8,","    maxlen: 96,","    node: true,","    nomen: true,","    regexp: true,","    stupid: true","*/","(function () {","    'use strict';","    var local;","","","","    // run shared js-env code - pre-init","    (function () {","        // init local","        local = {};","        // init modeJs","        local.modeJs = (function () {","            try {","                return typeof navigator.userAgent === 'string' &&","                    typeof document.querySelector('body') === 'object' &&","                    typeof XMLHttpRequest.prototype.open === 'function' &&","                    'browser';","            } catch (errorCaughtBrowser) {","                return module.exports &&","                    typeof process.versions.node === 'string' &&","                    typeof require('http').createServer === 'function' &&","                    'node';","            }","        }());","        // init global","        local.global = local.modeJs === 'browser'","            ? window","            : global;","        // init utility2_rollup","        local = local.global.utility2_rollup || local;","        // init lib","        local.local = local.npmtest_cheerio_httpcli = local;","        // init exports","        if (local.modeJs === 'browser') {","            local.global.utility2_npmtest_cheerio_httpcli = local;","        } else {","            module.exports = local;","            module.exports.__dirname = __dirname;","            module.exports.module = module;","        }","    }());","}());",""],"l":{"12":2,"14":2,"19":2,"21":2,"23":2,"24":2,"25":2,"30":1,"37":2,"41":2,"43":2,"45":2,"46":1,"48":1,"49":1,"50":1}},"/home/travis/build/npmtest/node-npmtest-cheerio-httpcli/example.js":{"path":"/home/travis/build/npmtest/node-npmtest-cheerio-httpcli/example.js","s":{"1":2,"2":2,"3":2,"4":2,"5":2,"6":2,"7":2,"8":1,"9":2,"10":2,"11":2,"12":2,"13":1,"14":2,"15":2,"16":2,"17":2,"18":2,"19":0,"20":2,"21":1,"22":1,"23":1,"24":1,"25":1,"26":0,"27":0,"28":1,"29":1,"30":2,"31":0,"32":0,"33":0,"34":1,"35":2,"36":2,"37":3,"38":3,"39":3,"40":3,"41":0,"42":3,"43":3,"44":3,"45":1,"46":3,"47":1,"48":1,"49":1,"50":1,"51":1,"52":1,"53":1,"54":1,"55":1,"56":1,"57":0,"58":1,"59":6,"60":6,"61":1,"62":2,"63":0,"64":2,"65":1,"66":1,"67":0,"68":0,"69":0,"70":0,"71":0,"72":0,"73":0,"74":0,"75":0,"76":0,"77":0,"78":0,"79":0,"80":0,"81":0,"82":0,"83":0},"b":{"1":[2,1,1,1],"2":[1,1,1,1],"3":[1,1],"4":[2,2],"5":[1,1],"6":[1,1],"7":[2,0],"8":[2,1,1,1,1,1],"9":[0,2,0],"10":[1,1],"11":[2,1,1],"12":[1,0],"13":[0,2],"14":[2,0,0,0,0,0,0],"15":[0,3],"16":[3,0],"17":[1,1],"18":[0,1],"19":[1,2,0,2],"20":[1,0],"21":[1,1],"22":[0,0],"23":[0,0],"24":[0,0],"25":[0,0],"26":[0,0],"27":[0,0],"28":[0,0]},"f":{"1":2,"2":2,"3":2,"4":2,"5":2,"6":2,"7":3,"8":3,"9":3,"10":1,"11":6,"12":0},"fnMap":{"1":{"name":"(anonymous_1)","line":26,"loc":{"start":{"line":26,"column":1},"end":{"line":26,"column":13}}},"2":{"name":"(anonymous_2)","line":33,"loc":{"start":{"line":33,"column":5},"end":{"line":33,"column":17}}},"3":{"name":"(anonymous_3)","line":37,"loc":{"start":{"line":37,"column":24},"end":{"line":37,"column":36}}},"4":{"name":"(anonymous_4)","line":69,"loc":{"start":{"line":69,"column":31},"end":{"line":69,"column":48}},"skip":true},"5":{"name":"(anonymous_5)","line":78,"loc":{"start":{"line":78,"column":26},"end":{"line":78,"column":45}},"skip":true},"6":{"name":"(anonymous_6)","line":123,"loc":{"start":{"line":123,"column":33},"end":{"line":123,"column":48}},"skip":true},"7":{"name":"(anonymous_7)","line":125,"loc":{"start":{"line":125,"column":27},"end":{"line":125,"column":39}},"skip":true},"8":{"name":"(anonymous_8)","line":133,"loc":{"start":{"line":133,"column":59},"end":{"line":133,"column":74}},"skip":true},"9":{"name":"(anonymous_9)","line":143,"loc":{"start":{"line":143,"column":45},"end":{"line":143,"column":62}},"skip":true},"10":{"name":"(anonymous_10)","line":144,"loc":{"start":{"line":144,"column":73},"end":{"line":144,"column":92}},"skip":true},"11":{"name":"(anonymous_11)","line":272,"loc":{"start":{"line":272,"column":51},"end":{"line":272,"column":77}},"skip":true},"12":{"name":"(anonymous_12)","line":315,"loc":{"start":{"line":315,"column":32},"end":{"line":315,"column":61}},"skip":true}},"statementMap":{"1":{"start":{"line":26,"column":0},"end":{"line":326,"column":5}},"2":{"start":{"line":28,"column":4},"end":{"line":28,"column":14}},"3":{"start":{"line":33,"column":4},"end":{"line":60,"column":9}},"4":{"start":{"line":35,"column":8},"end":{"line":35,"column":19}},"5":{"start":{"line":37,"column":8},"end":{"line":49,"column":13}},"6":{"start":{"line":38,"column":12},"end":{"line":48,"column":13}},"7":{"start":{"line":39,"column":16},"end":{"line":42,"column":30}},"8":{"start":{"line":44,"column":16},"end":{"line":47,"column":27}},"9":{"start":{"line":51,"column":8},"end":{"line":53,"column":21}},"10":{"start":{"line":55,"column":8},"end":{"line":57,"column":45}},"11":{"start":{"line":59,"column":8},"end":{"line":59,"column":35}},"12":{"start":{"line":61,"column":4},"end":{"line":325,"column":5}},"13":{"start":{"line":69,"column":8},"end":{"line":121,"column":10},"skip":true},"14":{"start":{"line":70,"column":12},"end":{"line":88,"column":13},"skip":true},"15":{"start":{"line":76,"column":16},"end":{"line":87,"column":19},"skip":true},"16":{"start":{"line":79,"column":20},"end":{"line":86,"column":21},"skip":true},"17":{"start":{"line":82,"column":24},"end":{"line":82,"column":43},"skip":true},"18":{"start":{"line":83,"column":24},"end":{"line":83,"column":30},"skip":true},"19":{"start":{"line":85,"column":24},"end":{"line":85,"column":49},"skip":true},"20":{"start":{"line":89,"column":12},"end":{"line":107,"column":13},"skip":true},"21":{"start":{"line":92,"column":16},"end":{"line":102,"column":17},"skip":true},"22":{"start":{"line":93,"column":20},"end":{"line":93,"column":86},"skip":true},"23":{"start":{"line":94,"column":20},"end":{"line":95,"column":45},"skip":true},"24":{"start":{"line":96,"column":20},"end":{"line":96,"column":42},"skip":true},"25":{"start":{"line":97,"column":20},"end":{"line":97,"column":48},"skip":true},"26":{"start":{"line":100,"column":20},"end":{"line":100,"column":85},"skip":true},"27":{"start":{"line":101,"column":20},"end":{"line":101,"column":96},"skip":true},"28":{"start":{"line":103,"column":16},"end":{"line":103,"column":22},"skip":true},"29":{"start":{"line":106,"column":16},"end":{"line":106,"column":22},"skip":true},"30":{"start":{"line":108,"column":12},"end":{"line":120,"column":13},"skip":true},"31":{"start":{"line":114,"column":16},"end":{"line":119,"column":17},"skip":true},"32":{"start":{"line":116,"column":20},"end":{"line":116,"column":78},"skip":true},"33":{"start":{"line":118,"column":20},"end":{"line":118,"column":47},"skip":true},"34":{"start":{"line":123,"column":8},"end":{"line":141,"column":11},"skip":true},"35":{"start":{"line":124,"column":12},"end":{"line":124,"column":54},"skip":true},"36":{"start":{"line":125,"column":12},"end":{"line":140,"column":14},"skip":true},"37":{"start":{"line":126,"column":16},"end":{"line":126,"column":28},"skip":true},"38":{"start":{"line":127,"column":16},"end":{"line":127,"column":69},"skip":true},"39":{"start":{"line":128,"column":16},"end":{"line":128,"column":75},"skip":true},"40":{"start":{"line":129,"column":16},"end":{"line":131,"column":17},"skip":true},"41":{"start":{"line":130,"column":20},"end":{"line":130,"column":27},"skip":true},"42":{"start":{"line":133,"column":16},"end":{"line":137,"column":36},"skip":true},"43":{"start":{"line":134,"column":20},"end":{"line":136,"column":55},"skip":true},"44":{"start":{"line":139,"column":16},"end":{"line":139,"column":57},"skip":true},"45":{"start":{"line":143,"column":8},"end":{"line":147,"column":11},"skip":true},"46":{"start":{"line":144,"column":12},"end":{"line":146,"column":15},"skip":true},"47":{"start":{"line":145,"column":16},"end":{"line":145,"column":70},"skip":true},"48":{"start":{"line":149,"column":8},"end":{"line":149,"column":31},"skip":true},"49":{"start":{"line":150,"column":8},"end":{"line":150,"column":14},"skip":true},"50":{"start":{"line":158,"column":8},"end":{"line":158,"column":31},"skip":true},"51":{"start":{"line":160,"column":8},"end":{"line":160,"column":33},"skip":true},"52":{"start":{"line":161,"column":8},"end":{"line":161,"column":37},"skip":true},"53":{"start":{"line":162,"column":8},"end":{"line":162,"column":35},"skip":true},"54":{"start":{"line":164,"column":8},"end":{"line":164,"column":50},"skip":true},"55":{"start":{"line":166,"column":8},"end":{"line":256,"column":2},"skip":true},"56":{"start":{"line":258,"column":8},"end":{"line":286,"column":9},"skip":true},"57":{"start":{"line":259,"column":12},"end":{"line":269,"column":14},"skip":true},"58":{"start":{"line":271,"column":12},"end":{"line":285,"column":19},"skip":true},"59":{"start":{"line":274,"column":20},"end":{"line":274,"column":35},"skip":true},"60":{"start":{"line":275,"column":20},"end":{"line":284,"column":21},"skip":true},"61":{"start":{"line":277,"column":24},"end":{"line":277,"column":64},"skip":true},"62":{"start":{"line":279,"column":24},"end":{"line":279,"column":40},"skip":true},"63":{"start":{"line":281,"column":24},"end":{"line":281,"column":40},"skip":true},"64":{"start":{"line":283,"column":24},"end":{"line":283,"column":39},"skip":true},"65":{"start":{"line":288,"column":8},"end":{"line":290,"column":9},"skip":true},"66":{"start":{"line":289,"column":12},"end":{"line":289,"column":18},"skip":true},"67":{"start":{"line":291,"column":8},"end":{"line":293,"column":54},"skip":true},"68":{"start":{"line":296,"column":8},"end":{"line":301,"column":37},"skip":true},"69":{"start":{"line":303,"column":8},"end":{"line":303,"column":82},"skip":true},"70":{"start":{"line":306,"column":8},"end":{"line":308,"column":9},"skip":true},"71":{"start":{"line":307,"column":12},"end":{"line":307,"column":82},"skip":true},"72":{"start":{"line":310,"column":8},"end":{"line":312,"column":9},"skip":true},"73":{"start":{"line":311,"column":12},"end":{"line":311,"column":18},"skip":true},"74":{"start":{"line":313,"column":8},"end":{"line":313,"column":54},"skip":true},"75":{"start":{"line":314,"column":8},"end":{"line":314,"column":69},"skip":true},"76":{"start":{"line":315,"column":8},"end":{"line":323,"column":36},"skip":true},"77":{"start":{"line":316,"column":12},"end":{"line":316,"column":61},"skip":true},"78":{"start":{"line":317,"column":12},"end":{"line":320,"column":13},"skip":true},"79":{"start":{"line":318,"column":16},"end":{"line":318,"column":75},"skip":true},"80":{"start":{"line":319,"column":16},"end":{"line":319,"column":23},"skip":true},"81":{"start":{"line":321,"column":12},"end":{"line":321,"column":38},"skip":true},"82":{"start":{"line":322,"column":12},"end":{"line":322,"column":27},"skip":true},"83":{"start":{"line":324,"column":8},"end":{"line":324,"column":14},"skip":true}},"branchMap":{"1":{"line":39,"type":"binary-expr","locations":[{"start":{"line":39,"column":23},"end":{"line":39,"column":62}},{"start":{"line":40,"column":20},"end":{"line":40,"column":70}},{"start":{"line":41,"column":20},"end":{"line":41,"column":71}},{"start":{"line":42,"column":20},"end":{"line":42,"column":29}}]},"2":{"line":44,"type":"binary-expr","locations":[{"start":{"line":44,"column":23},"end":{"line":44,"column":37}},{"start":{"line":45,"column":20},"end":{"line":45,"column":61}},{"start":{"line":46,"column":20},"end":{"line":46,"column":70}},{"start":{"line":47,"column":20},"end":{"line":47,"column":26}}]},"3":{"line":51,"type":"cond-expr","locations":[{"start":{"line":52,"column":14},"end":{"line":52,"column":20}},{"start":{"line":53,"column":14},"end":{"line":53,"column":20}}]},"4":{"line":55,"type":"binary-expr","locations":[{"start":{"line":55,"column":16},"end":{"line":55,"column":44}},{"start":{"line":55,"column":49},"end":{"line":57,"column":43}}]},"5":{"line":55,"type":"cond-expr","locations":[{"start":{"line":56,"column":14},"end":{"line":56,"column":59}},{"start":{"line":57,"column":14},"end":{"line":57,"column":43}}]},"6":{"line":61,"type":"switch","locations":[{"start":{"line":68,"column":4},"end":{"line":150,"column":14},"skip":true},{"start":{"line":156,"column":4},"end":{"line":324,"column":14},"skip":true}]},"7":{"line":70,"type":"if","locations":[{"start":{"line":70,"column":12},"end":{"line":70,"column":12},"skip":true},{"start":{"line":70,"column":12},"end":{"line":70,"column":12},"skip":true}]},"8":{"line":70,"type":"binary-expr","locations":[{"start":{"line":70,"column":16},"end":{"line":70,"column":22},"skip":true},{"start":{"line":70,"column":27},"end":{"line":70,"column":32},"skip":true},{"start":{"line":71,"column":20},"end":{"line":71,"column":39},"skip":true},{"start":{"line":72,"column":20},"end":{"line":72,"column":49},"skip":true},{"start":{"line":73,"column":20},"end":{"line":73,"column":58},"skip":true},{"start":{"line":74,"column":20},"end":{"line":74,"column":69},"skip":true}]},"9":{"line":79,"type":"switch","locations":[{"start":{"line":80,"column":20},"end":{"line":80,"column":33},"skip":true},{"start":{"line":81,"column":20},"end":{"line":83,"column":30},"skip":true},{"start":{"line":84,"column":20},"end":{"line":85,"column":49},"skip":true}]},"10":{"line":89,"type":"switch","locations":[{"start":{"line":90,"column":12},"end":{"line":103,"column":22},"skip":true},{"start":{"line":105,"column":12},"end":{"line":106,"column":22},"skip":true}]},"11":{"line":89,"type":"binary-expr","locations":[{"start":{"line":89,"column":20},"end":{"line":89,"column":25},"skip":true},{"start":{"line":89,"column":29},"end":{"line":89,"column":48},"skip":true},{"start":{"line":89,"column":52},"end":{"line":89,"column":74},"skip":true}]},"12":{"line":92,"type":"if","locations":[{"start":{"line":92,"column":16},"end":{"line":92,"column":16},"skip":true},{"start":{"line":92,"column":16},"end":{"line":92,"column":16},"skip":true}]},"13":{"line":108,"type":"if","locations":[{"start":{"line":108,"column":12},"end":{"line":108,"column":12},"skip":true},{"start":{"line":108,"column":12},"end":{"line":108,"column":12},"skip":true}]},"14":{"line":108,"type":"binary-expr","locations":[{"start":{"line":108,"column":16},"end":{"line":108,"column":61},"skip":true},{"start":{"line":108,"column":66},"end":{"line":108,"column":72},"skip":true},{"start":{"line":108,"column":77},"end":{"line":108,"column":82},"skip":true},{"start":{"line":109,"column":20},"end":{"line":109,"column":39},"skip":true},{"start":{"line":110,"column":20},"end":{"line":110,"column":49},"skip":true},{"start":{"line":111,"column":20},"end":{"line":111,"column":58},"skip":true},{"start":{"line":112,"column":20},"end":{"line":112,"column":68},"skip":true}]},"15":{"line":129,"type":"if","locations":[{"start":{"line":129,"column":16},"end":{"line":129,"column":16},"skip":true},{"start":{"line":129,"column":16},"end":{"line":129,"column":16},"skip":true}]},"16":{"line":134,"type":"cond-expr","locations":[{"start":{"line":135,"column":26},"end":{"line":135,"column":29},"skip":true},{"start":{"line":136,"column":26},"end":{"line":136,"column":54},"skip":true}]},"17":{"line":164,"type":"binary-expr","locations":[{"start":{"line":164,"column":27},"end":{"line":164,"column":43},"skip":true},{"start":{"line":164,"column":47},"end":{"line":164,"column":49},"skip":true}]},"18":{"line":258,"type":"if","locations":[{"start":{"line":258,"column":8},"end":{"line":258,"column":8},"skip":true},{"start":{"line":258,"column":8},"end":{"line":258,"column":8},"skip":true}]},"19":{"line":275,"type":"switch","locations":[{"start":{"line":276,"column":20},"end":{"line":277,"column":64},"skip":true},{"start":{"line":278,"column":20},"end":{"line":279,"column":40},"skip":true},{"start":{"line":280,"column":20},"end":{"line":281,"column":40},"skip":true},{"start":{"line":282,"column":20},"end":{"line":283,"column":39},"skip":true}]},"20":{"line":288,"type":"if","locations":[{"start":{"line":288,"column":8},"end":{"line":288,"column":8},"skip":true},{"start":{"line":288,"column":8},"end":{"line":288,"column":8},"skip":true}]},"21":{"line":288,"type":"binary-expr","locations":[{"start":{"line":288,"column":12},"end":{"line":288,"column":40},"skip":true},{"start":{"line":288,"column":44},"end":{"line":288,"column":67},"skip":true}]},"22":{"line":292,"type":"binary-expr","locations":[{"start":{"line":292,"column":12},"end":{"line":292,"column":50},"skip":true},{"start":{"line":293,"column":12},"end":{"line":293,"column":53},"skip":true}]},"23":{"line":297,"type":"binary-expr","locations":[{"start":{"line":297,"column":12},"end":{"line":297,"column":73},"skip":true},{"start":{"line":298,"column":12},"end":{"line":301,"column":36},"skip":true}]},"24":{"line":303,"type":"binary-expr","locations":[{"start":{"line":303,"column":43},"end":{"line":303,"column":75},"skip":true},{"start":{"line":303,"column":79},"end":{"line":303,"column":81},"skip":true}]},"25":{"line":306,"type":"if","locations":[{"start":{"line":306,"column":8},"end":{"line":306,"column":8},"skip":true},{"start":{"line":306,"column":8},"end":{"line":306,"column":8},"skip":true}]},"26":{"line":310,"type":"if","locations":[{"start":{"line":310,"column":8},"end":{"line":310,"column":8},"skip":true},{"start":{"line":310,"column":8},"end":{"line":310,"column":8},"skip":true}]},"27":{"line":313,"type":"binary-expr","locations":[{"start":{"line":313,"column":27},"end":{"line":313,"column":43},"skip":true},{"start":{"line":313,"column":47},"end":{"line":313,"column":53},"skip":true}]},"28":{"line":317,"type":"if","locations":[{"start":{"line":317,"column":12},"end":{"line":317,"column":12},"skip":true},{"start":{"line":317,"column":12},"end":{"line":317,"column":12},"skip":true}]}},"code":["/*","example.js","","quickstart example","","instruction","    1. save this script as example.js","    2. run the shell command:","        $ npm install npmtest-cheerio-httpcli && PORT=8081 node example.js","    3. play with the browser-demo on http://127.0.0.1:8081","*/","","","","/* istanbul instrument in package npmtest_cheerio_httpcli */","/*jslint","    bitwise: true,","    browser: true,","    maxerr: 8,","    maxlen: 96,","    node: true,","    nomen: true,","    regexp: true,","    stupid: true","*/","(function () {","    'use strict';","    var local;","","","","    // run shared js-env code - pre-init","    (function () {","        // init local","        local = {};","        // init modeJs","        local.modeJs = (function () {","            try {","                return typeof navigator.userAgent === 'string' &&","                    typeof document.querySelector('body') === 'object' &&","                    typeof XMLHttpRequest.prototype.open === 'function' &&","                    'browser';","            } catch (errorCaughtBrowser) {","                return module.exports &&","                    typeof process.versions.node === 'string' &&","                    typeof require('http').createServer === 'function' &&","                    'node';","            }","        }());","        // init global","        local.global = local.modeJs === 'browser'","            ? window","            : global;","        // init utility2_rollup","        local = local.global.utility2_rollup || (local.modeJs === 'browser'","            ? local.global.utility2_npmtest_cheerio_httpcli","            : global.utility2_moduleExports);","        // export local","        local.global.local = local;","    }());","    switch (local.modeJs) {","","","","    // post-init","    // run browser js-env code - post-init","    /* istanbul ignore next */","    case 'browser':","        local.testRunBrowser = function (event) {","            if (!event || (event &&","                    event.currentTarget &&","                    event.currentTarget.className &&","                    event.currentTarget.className.includes &&","                    event.currentTarget.className.includes('onreset'))) {","                // reset output","                Array.from(","                    document.querySelectorAll('body > .resettable')","                ).forEach(function (element) {","                    switch (element.tagName) {","                    case 'INPUT':","                    case 'TEXTAREA':","                        element.value = '';","                        break;","                    default:","                        element.textContent = '';","                    }","                });","            }","            switch (event && event.currentTarget && event.currentTarget.id) {","            case 'testRunButton1':","                // show tests","                if (document.querySelector('#testReportDiv1').style.display === 'none') {","                    document.querySelector('#testReportDiv1').style.display = 'block';","                    document.querySelector('#testRunButton1').textContent =","                        'hide internal test';","                    local.modeTest = true;","                    local.testRunDefault(local);","                // hide tests","                } else {","                    document.querySelector('#testReportDiv1').style.display = 'none';","                    document.querySelector('#testRunButton1').textContent = 'run internal test';","                }","                break;","            // custom-case","            default:","                break;","            }","            if (document.querySelector('#inputTextareaEval1') && (!event || (event &&","                    event.currentTarget &&","                    event.currentTarget.className &&","                    event.currentTarget.className.includes &&","                    event.currentTarget.className.includes('oneval')))) {","                // try to eval input-code","                try {","                    /*jslint evil: true*/","                    eval(document.querySelector('#inputTextareaEval1').value);","                } catch (errorCaught) {","                    console.error(errorCaught);","                }","            }","        };","        // log stderr and stdout to #outputTextareaStdout1","        ['error', 'log'].forEach(function (key) {","            console[key + '_original'] = console[key];","            console[key] = function () {","                var element;","                console[key + '_original'].apply(console, arguments);","                element = document.querySelector('#outputTextareaStdout1');","                if (!element) {","                    return;","                }","                // append text to #outputTextareaStdout1","                element.value += Array.from(arguments).map(function (arg) {","                    return typeof arg === 'string'","                        ? arg","                        : JSON.stringify(arg, null, 4);","                }).join(' ') + '\\n';","                // scroll textarea to bottom","                element.scrollTop = element.scrollHeight;","            };","        });","        // init event-handling","        ['change', 'click', 'keyup'].forEach(function (event) {","            Array.from(document.querySelectorAll('.on' + event)).forEach(function (element) {","                element.addEventListener(event, local.testRunBrowser);","            });","        });","        // run tests","        local.testRunBrowser();","        break;","","","","    // run node js-env code - post-init","    /* istanbul ignore next */","    case 'node':","        // export local","        module.exports = local;","        // require modules","        local.fs = require('fs');","        local.http = require('http');","        local.url = require('url');","        // init assets","        local.assetsDict = local.assetsDict || {};","        /* jslint-ignore-begin */","        local.assetsDict['/assets.index.template.html'] = '\\","<!doctype html>\\n\\","<html lang=\"en\">\\n\\","<head>\\n\\","<meta charset=\"UTF-8\">\\n\\","<meta name=\"viewport\" content=\"width=device-width, initial-scale=1\">\\n\\","<title>{{env.npm_package_name}} (v{{env.npm_package_version}})</title>\\n\\","<style>\\n\\","/*csslint\\n\\","    box-sizing: false,\\n\\","    universal-selector: false\\n\\","*/\\n\\","* {\\n\\","    box-sizing: border-box;\\n\\","}\\n\\","body {\\n\\","    background: #dde;\\n\\","    font-family: Arial, Helvetica, sans-serif;\\n\\","    margin: 2rem;\\n\\","}\\n\\","body > * {\\n\\","    margin-bottom: 1rem;\\n\\","}\\n\\",".utility2FooterDiv {\\n\\","    margin-top: 20px;\\n\\","    text-align: center;\\n\\","}\\n\\","</style>\\n\\","<style>\\n\\","/*csslint\\n\\","*/\\n\\","textarea {\\n\\","    font-family: monospace;\\n\\","    height: 10rem;\\n\\","    width: 100%;\\n\\","}\\n\\","textarea[readonly] {\\n\\","    background: #ddd;\\n\\","}\\n\\","</style>\\n\\","</head>\\n\\","<body>\\n\\","<!-- utility2-comment\\n\\","<div id=\"ajaxProgressDiv1\" style=\"background: #d00; height: 2px; left: 0; margin: 0; padding: 0; position: fixed; top: 0; transition: background 0.5s, width 1.5s; width: 25%;\"></div>\\n\\","utility2-comment -->\\n\\","<h1>\\n\\","<!-- utility2-comment\\n\\","    <a\\n\\","        {{#if env.npm_package_homepage}}\\n\\","        href=\"{{env.npm_package_homepage}}\"\\n\\","        {{/if env.npm_package_homepage}}\\n\\","        target=\"_blank\"\\n\\","    >\\n\\","utility2-comment -->\\n\\","        {{env.npm_package_name}} (v{{env.npm_package_version}})\\n\\","<!-- utility2-comment\\n\\","    </a>\\n\\","utility2-comment -->\\n\\","</h1>\\n\\","<h3>{{env.npm_package_description}}</h3>\\n\\","<!-- utility2-comment\\n\\","<h4><a download href=\"assets.app.js\">download standalone app</a></h4>\\n\\","<button class=\"onclick onreset\" id=\"testRunButton1\">run internal test</button><br>\\n\\","<div id=\"testReportDiv1\" style=\"display: none;\"></div>\\n\\","utility2-comment -->\\n\\","\\n\\","\\n\\","\\n\\","<label>stderr and stdout</label>\\n\\","<textarea class=\"resettable\" id=\"outputTextareaStdout1\" readonly></textarea>\\n\\","<!-- utility2-comment\\n\\","{{#if isRollup}}\\n\\","<script src=\"assets.app.js\"></script>\\n\\","{{#unless isRollup}}\\n\\","utility2-comment -->\\n\\","<script src=\"assets.utility2.rollup.js\"></script>\\n\\","<script src=\"jsonp.utility2._stateInit?callback=window.utility2._stateInit\"></script>\\n\\","<script src=\"assets.npmtest_cheerio_httpcli.rollup.js\"></script>\\n\\","<script src=\"assets.example.js\"></script>\\n\\","<script src=\"assets.test.js\"></script>\\n\\","<!-- utility2-comment\\n\\","{{/if isRollup}}\\n\\","utility2-comment -->\\n\\","<div class=\"utility2FooterDiv\">\\n\\","    [ this app was created with\\n\\","    <a href=\"https://github.com/kaizhu256/node-utility2\" target=\"_blank\">utility2</a>\\n\\","    ]\\n\\","</div>\\n\\","</body>\\n\\","</html>\\n\\","';","        /* jslint-ignore-end */","        if (local.templateRender) {","            local.assetsDict['/'] = local.templateRender(","                local.assetsDict['/assets.index.template.html'],","                {","                    env: local.objectSetDefault(local.env, {","                        npm_package_description: 'the greatest app in the world!',","                        npm_package_name: 'my-app',","                        npm_package_nameAlias: 'my_app',","                        npm_package_version: '0.0.1'","                    })","                }","            );","        } else {","            local.assetsDict['/'] = local.assetsDict['/assets.index.template.html']","                .replace((/\\{\\{env\\.(\\w+?)\\}\\}/g), function (match0, match1) {","                    // jslint-hack","                    String(match0);","                    switch (match1) {","                    case 'npm_package_description':","                        return 'the greatest app in the world!';","                    case 'npm_package_name':","                        return 'my-app';","                    case 'npm_package_nameAlias':","                        return 'my_app';","                    case 'npm_package_version':","                        return '0.0.1';","                    }","                });","        }","        // run the cli","        if (local.global.utility2_rollup || module !== require.main) {","            break;","        }","        local.assetsDict['/assets.example.js'] =","            local.assetsDict['/assets.example.js'] ||","            local.fs.readFileSync(__filename, 'utf8');","        // bug-workaround - long $npm_package_buildCustomOrg","        /* jslint-ignore-begin */","        local.assetsDict['/assets.npmtest_cheerio_httpcli.rollup.js'] =","            local.assetsDict['/assets.npmtest_cheerio_httpcli.rollup.js'] ||","            local.fs.readFileSync(","                local.npmtest_cheerio_httpcli.__dirname + '/lib.npmtest_cheerio_httpcli.js',","                'utf8'","            ).replace((/^#!/), '//');","        /* jslint-ignore-end */","        local.assetsDict['/favicon.ico'] = local.assetsDict['/favicon.ico'] || '';","        // if $npm_config_timeout_exit exists,","        // then exit this process after $npm_config_timeout_exit ms","        if (Number(process.env.npm_config_timeout_exit)) {","            setTimeout(process.exit, Number(process.env.npm_config_timeout_exit));","        }","        // start server","        if (local.global.utility2_serverHttp1) {","            break;","        }","        process.env.PORT = process.env.PORT || '8081';","        console.error('server starting on port ' + process.env.PORT);","        local.http.createServer(function (request, response) {","            request.urlParsed = local.url.parse(request.url);","            if (local.assetsDict[request.urlParsed.pathname] !== undefined) {","                response.end(local.assetsDict[request.urlParsed.pathname]);","                return;","            }","            response.statusCode = 404;","            response.end();","        }).listen(process.env.PORT);","        break;","    }","}());",""],"l":{"26":2,"28":2,"33":2,"35":2,"37":2,"38":2,"39":2,"44":1,"51":2,"55":2,"59":2,"61":2,"69":1,"70":2,"76":2,"79":2,"82":2,"83":2,"85":1,"89":2,"92":1,"93":1,"94":1,"96":1,"97":1,"100":1,"101":1,"103":1,"106":1,"108":2,"114":1,"116":1,"118":1,"123":1,"124":2,"125":2,"126":3,"127":3,"128":3,"129":3,"130":1,"133":3,"134":3,"139":3,"143":1,"144":3,"145":1,"149":1,"150":1,"158":1,"160":1,"161":1,"162":1,"164":1,"166":1,"258":1,"259":1,"271":1,"274":6,"275":6,"277":1,"279":2,"281":1,"283":2,"288":1,"289":1,"291":1,"296":1,"303":1,"306":1,"307":1,"310":1,"311":1,"313":1,"314":1,"315":1,"316":1,"317":1,"318":1,"319":1,"321":1,"322":1,"324":1}},"/home/travis/build/npmtest/node-npmtest-cheerio-httpcli/node_modules/cheerio-httpcli/index.js":{"path":"/home/travis/build/npmtest/node-npmtest-cheerio-httpcli/node_modules/cheerio-httpcli/index.js","s":{"1":1},"b":{},"f":{},"fnMap":{},"statementMap":{"1":{"start":{"line":1,"column":0},"end":{"line":1,"column":39}}},"branchMap":{},"code":["module.exports = require('./lib/core');",""],"l":{"1":1}},"/home/travis/build/npmtest/node-npmtest-cheerio-httpcli/node_modules/cheerio-httpcli/lib/core.js":{"path":"/home/travis/build/npmtest/node-npmtest-cheerio-httpcli/node_modules/cheerio-httpcli/lib/core.js","s":{"1":1,"2":1,"3":1,"4":1,"5":1,"6":1,"7":1,"8":1,"9":1,"10":1,"11":1,"12":1,"13":1,"14":1,"15":1,"16":1,"17":0,"18":0,"19":0,"20":0,"21":0,"22":0,"23":0,"24":0,"25":0,"26":0,"27":0,"28":0,"29":0,"30":0,"31":1,"32":1,"33":1,"34":1,"35":1},"b":{"1":[0,0],"2":[0,0],"3":[0,0],"4":[0,0,0],"5":[0,0],"6":[0,0]},"f":{"1":1,"2":0,"3":0,"4":0,"5":0,"6":0,"7":0},"fnMap":{"1":{"name":"(anonymous_1)","line":28,"loc":{"start":{"line":28,"column":9},"end":{"line":28,"column":21}}},"2":{"name":"(anonymous_2)","line":56,"loc":{"start":{"line":56,"column":7},"end":{"line":56,"column":39}}},"3":{"name":"(anonymous_3)","line":58,"loc":{"start":{"line":58,"column":33},"end":{"line":58,"column":49}}},"4":{"name":"(anonymous_4)","line":77,"loc":{"start":{"line":77,"column":18},"end":{"line":77,"column":35}}},"5":{"name":"(anonymous_5)","line":89,"loc":{"start":{"line":89,"column":14},"end":{"line":89,"column":30}}},"6":{"name":"(anonymous_6)","line":105,"loc":{"start":{"line":105,"column":9},"end":{"line":105,"column":49}}},"7":{"name":"(anonymous_7)","line":117,"loc":{"start":{"line":117,"column":13},"end":{"line":117,"column":43}}}},"statementMap":{"1":{"start":{"line":5,"column":0},"end":{"line":5,"column":45}},"2":{"start":{"line":6,"column":0},"end":{"line":6,"column":48}},"3":{"start":{"line":7,"column":0},"end":{"line":7,"column":42}},"4":{"start":{"line":8,"column":0},"end":{"line":8,"column":40}},"5":{"start":{"line":9,"column":0},"end":{"line":9,"column":47}},"6":{"start":{"line":10,"column":0},"end":{"line":10,"column":47}},"7":{"start":{"line":15,"column":0},"end":{"line":120,"column":2}},"8":{"start":{"line":30,"column":4},"end":{"line":30,"column":22}},"9":{"start":{"line":32,"column":4},"end":{"line":32,"column":25}},"10":{"start":{"line":34,"column":4},"end":{"line":34,"column":21}},"11":{"start":{"line":36,"column":4},"end":{"line":36,"column":24}},"12":{"start":{"line":38,"column":4},"end":{"line":38,"column":35}},"13":{"start":{"line":40,"column":4},"end":{"line":40,"column":28}},"14":{"start":{"line":42,"column":4},"end":{"line":42,"column":27}},"15":{"start":{"line":44,"column":4},"end":{"line":44,"column":23}},"16":{"start":{"line":46,"column":4},"end":{"line":46,"column":19}},"17":{"start":{"line":58,"column":4},"end":{"line":62,"column":5}},"18":{"start":{"line":59,"column":6},"end":{"line":59,"column":58}},"19":{"start":{"line":61,"column":6},"end":{"line":61,"column":57}},"20":{"start":{"line":65,"column":4},"end":{"line":69,"column":5}},"21":{"start":{"line":66,"column":6},"end":{"line":66,"column":45}},"22":{"start":{"line":68,"column":6},"end":{"line":68,"column":25}},"23":{"start":{"line":78,"column":4},"end":{"line":80,"column":5}},"24":{"start":{"line":79,"column":6},"end":{"line":79,"column":60}},"25":{"start":{"line":90,"column":4},"end":{"line":93,"column":5}},"26":{"start":{"line":91,"column":6},"end":{"line":91,"column":50}},"27":{"start":{"line":92,"column":6},"end":{"line":92,"column":18}},"28":{"start":{"line":94,"column":4},"end":{"line":94,"column":17}},"29":{"start":{"line":106,"column":4},"end":{"line":106,"column":59}},"30":{"start":{"line":118,"column":4},"end":{"line":118,"column":57}},"31":{"start":{"line":123,"column":0},"end":{"line":123,"column":23}},"32":{"start":{"line":124,"column":0},"end":{"line":124,"column":29}},"33":{"start":{"line":125,"column":0},"end":{"line":125,"column":27}},"34":{"start":{"line":126,"column":0},"end":{"line":126,"column":49}},"35":{"start":{"line":128,"column":0},"end":{"line":128,"column":32}}},"branchMap":{"1":{"line":58,"type":"if","locations":[{"start":{"line":58,"column":4},"end":{"line":58,"column":4}},{"start":{"line":58,"column":4},"end":{"line":58,"column":4}}]},"2":{"line":59,"type":"binary-expr","locations":[{"start":{"line":59,"column":14},"end":{"line":59,"column":27}},{"start":{"line":59,"column":31},"end":{"line":59,"column":56}}]},"3":{"line":65,"type":"if","locations":[{"start":{"line":65,"column":4},"end":{"line":65,"column":4}},{"start":{"line":65,"column":4},"end":{"line":65,"column":4}}]},"4":{"line":65,"type":"binary-expr","locations":[{"start":{"line":65,"column":8},"end":{"line":65,"column":24}},{"start":{"line":65,"column":28},"end":{"line":65,"column":58}},{"start":{"line":65,"column":62},"end":{"line":65,"column":87}}]},"5":{"line":78,"type":"if","locations":[{"start":{"line":78,"column":4},"end":{"line":78,"column":4}},{"start":{"line":78,"column":4},"end":{"line":78,"column":4}}]},"6":{"line":90,"type":"if","locations":[{"start":{"line":90,"column":4},"end":{"line":90,"column":4}},{"start":{"line":90,"column":4},"end":{"line":90,"column":4}}]}},"code":["/*jshint -W100*/","","'use strict';","","var assign        = require('object-assign');","var cheerioExtend = require('./cheerio-extend');","var encoding      = require('./encoding');","var client        = require('./client');","var pkg           = require('../package.json');","var browsers      = require('./browsers.json');","","/**"," * cheerio-httpcliモジュール本体"," */","var cheerioHttpCli = {","  /**","   * プロパティ","   */","  version: pkg.version, // バージョン情報","","  /**","   * メソッド","   */","","  /**","   * プロパティや内部情報の初期化","   */","  reset: function () {","    // リクエストヘッダ","    this.headers = {};","    // タイムアウトまでの時間(効いているかどうか不明)","    this.timeout = 30000;","    // gzip転送する/しない","    this.gzip = true;","    // Refererを自動設定する/しない","    this.referer = true;","    // <meta[http-equiv=refresh]>を検知してリダイレクトする/しない","    this.followMetaRefresh = false;","    // 受信を許可する最大のサイズ","    this.maxDataSize = null;","    // XML自動判別を使用しない","    this.forceHtml = false;","    // デバッグオプション","    this.debug = false;","","    client.reset();","  },","","  /**","   * プロパティを操作","   *","   * @param name  操作するプロパティ名","   * @param value 挿入する値","   * @param nomerge trueのときマージを行わない","   */","  set: function (name, value, nomerge) {","    // プロパティが存在するかチェック","    if (! Object.keys(this).some(function (prop) {","      return (prop === name && typeof val !== 'function');","    })) {","      throw new Error('no such property \"' + name + '\"');","    }","","    // オブジェクトへの代入ならマージする","    if (nomerge !== true && typeof this[name] === 'object' && typeof value === 'object') {","      this[name] = assign(this[name], value);","    } else {","      this[name] = value;","    }","  },","","  /**","   * 使用するiconvモジュールを指定","   *","   * @param icmod iconvモジュール名(iconv|iconv-jp|iconv-lite)","   */","  setIconvEngine: function (icmod) {","    if (! encoding.iconvLoad(icmod)) {","      throw new Error('Cannot find module \"' + icmod + '\"');","    }","  },","","  /**","   * ブラウザごとのUser-Agentをワンタッチ設定","   *","   * @param browser ブラウザ種類(see browsers.json)","   * @return 設定できた/できなかった","   */","  setBrowser: function (type) {","    if (type in browsers) {","      this.headers['User-Agent'] = browsers[type];","      return true;","    }","    return false;","  },","","  /**","   * GETによる非同期httpリクエストを実行","   *","   * @param url      リクエスト先のURL","   * @param param    リクエストパラメータ","   * @param encode   取得先のHTMLのエンコーディング(default: 自動判定)","   * @param callback リクエスト完了時のコールバック関数(err, cheerio, response, body)","   */","  fetch: function (url, param, encode, callback) {","    return client.run('GET', url, param, encode, callback);","  },","","  /**","   * GETによる同期httpリクエストを実行","   *","   * @param url      リクエスト先のURL","   * @param param    リクエストパラメータ","   * @param encode   取得先のHTMLのエンコーディング(default: 自動判定)","   * @param callback リクエスト完了時のコールバック関数(err, cheerio, response, body)","   */","  fetchSync: function (url, param, encode) {","    return client.run('GET', url, param, encode, 'sync');","  }","};","","// clientオブジェクト内で使用する外部オブジェクトを登録","cheerioHttpCli.reset();","client.core = cheerioHttpCli;","client.encoding = encoding;","client.cheerio = cheerioExtend(encoding, client);","","module.exports = cheerioHttpCli;",""],"l":{"5":1,"6":1,"7":1,"8":1,"9":1,"10":1,"15":1,"30":1,"32":1,"34":1,"36":1,"38":1,"40":1,"42":1,"44":1,"46":1,"58":0,"59":0,"61":0,"65":0,"66":0,"68":0,"78":0,"79":0,"90":0,"91":0,"92":0,"94":0,"106":0,"118":0,"123":1,"124":1,"125":1,"126":1,"128":1}},"/home/travis/build/npmtest/node-npmtest-cheerio-httpcli/node_modules/cheerio-httpcli/lib/cheerio-extend.js":{"path":"/home/travis/build/npmtest/node-npmtest-cheerio-httpcli/node_modules/cheerio-httpcli/lib/cheerio-extend.js","s":{"1":1,"2":1,"3":1,"4":1,"5":7,"6":1},"b":{},"f":{"1":1,"2":7},"fnMap":{"1":{"name":"(anonymous_1)","line":11,"loc":{"start":{"line":11,"column":17},"end":{"line":11,"column":45}}},"2":{"name":"(anonymous_2)","line":20,"loc":{"start":{"line":20,"column":5},"end":{"line":20,"column":18}}}},"statementMap":{"1":{"start":{"line":5,"column":0},"end":{"line":5,"column":33}},"2":{"start":{"line":6,"column":0},"end":{"line":6,"column":33}},"3":{"start":{"line":11,"column":0},"end":{"line":25,"column":2}},"4":{"start":{"line":12,"column":2},"end":{"line":22,"column":5}},"5":{"start":{"line":21,"column":4},"end":{"line":21,"column":57}},"6":{"start":{"line":24,"column":2},"end":{"line":24,"column":17}}},"branchMap":{},"code":["/*jshint -W100*/","","'use strict';","","var cheerio = require('cheerio');","var each    = require('foreach');","","/**"," * cheerioオブジェクト拡張モジュール(プロトタイプにメソッド追加)"," */","module.exports = function (encoding, client) {","  each([","    'html',","    'click',","    'submit',","    'tick-untick',","    'field',","    'url',","    'download'","  ], function (m) {","    require('./cheerio/' + m)(encoding, client, cheerio);","  });","","  return cheerio;","};",""],"l":{"5":1,"6":1,"11":1,"12":1,"21":7,"24":1}},"/home/travis/build/npmtest/node-npmtest-cheerio-httpcli/node_modules/cheerio-httpcli/lib/encoding.js":{"path":"/home/travis/build/npmtest/node-npmtest-cheerio-httpcli/node_modules/cheerio-httpcli/lib/encoding.js","s":{"1":1,"2":1,"3":1,"4":1,"5":2,"6":0,"7":2,"8":2,"9":1,"10":1,"11":0,"12":0,"13":0,"14":0,"15":0,"16":0,"17":0,"18":0,"19":0,"20":0,"21":0,"22":1,"23":0,"24":0,"25":0,"26":0,"27":0,"28":0,"29":1,"30":0,"31":0,"32":0,"33":0,"34":0,"35":0,"36":0,"37":0,"38":0,"39":0,"40":0,"41":0,"42":0,"43":0,"44":0,"45":0,"46":0,"47":0,"48":0,"49":0,"50":0,"51":0,"52":0,"53":0,"54":0,"55":0,"56":0,"57":0,"58":0,"59":0,"60":1,"61":1},"b":{"1":[0,2],"2":[0,1],"3":[0,0],"4":[0,0],"5":[0,0],"6":[0,0],"7":[0,0],"8":[0,0],"9":[0,0],"10":[0,0],"11":[0,0],"12":[0,0],"13":[0,0],"14":[0,0,0],"15":[0,0],"16":[0,0],"17":[0,0],"18":[0,0],"19":[1,1]},"f":{"1":2,"2":0,"3":0,"4":0,"5":0,"6":0,"7":0,"8":0,"9":0,"10":0},"fnMap":{"1":{"name":"(anonymous_1)","line":40,"loc":{"start":{"line":40,"column":13},"end":{"line":40,"column":31}}},"2":{"name":"(anonymous_2)","line":55,"loc":{"start":{"line":55,"column":22},"end":{"line":55,"column":53}}},"3":{"name":"(anonymous_3)","line":72,"loc":{"start":{"line":72,"column":22},"end":{"line":72,"column":53}}},"4":{"name":"(anonymous_4)","line":92,"loc":{"start":{"line":92,"column":10},"end":{"line":92,"column":25}}},"5":{"name":"(anonymous_5)","line":103,"loc":{"start":{"line":103,"column":11},"end":{"line":103,"column":34}}},"6":{"name":"(anonymous_6)","line":121,"loc":{"start":{"line":121,"column":10},"end":{"line":121,"column":30}}},"7":{"name":"(anonymous_7)","line":135,"loc":{"start":{"line":135,"column":50},"end":{"line":135,"column":63}}},"8":{"name":"(anonymous_8)","line":152,"loc":{"start":{"line":152,"column":18},"end":{"line":152,"column":36}}},"9":{"name":"(anonymous_9)","line":167,"loc":{"start":{"line":167,"column":18},"end":{"line":167,"column":36}}},"10":{"name":"(anonymous_10)","line":184,"loc":{"start":{"line":184,"column":10},"end":{"line":184,"column":28}}}},"statementMap":{"1":{"start":{"line":5,"column":0},"end":{"line":5,"column":37}},"2":{"start":{"line":11,"column":0},"end":{"line":14,"column":2}},"3":{"start":{"line":19,"column":0},"end":{"line":23,"column":2}},"4":{"start":{"line":29,"column":0},"end":{"line":187,"column":2}},"5":{"start":{"line":42,"column":4},"end":{"line":44,"column":5}},"6":{"start":{"line":43,"column":6},"end":{"line":43,"column":19}},"7":{"start":{"line":47,"column":4},"end":{"line":51,"column":5}},"8":{"start":{"line":48,"column":6},"end":{"line":48,"column":40}},"9":{"start":{"line":50,"column":6},"end":{"line":50,"column":19}},"10":{"start":{"line":53,"column":4},"end":{"line":82,"column":5}},"11":{"start":{"line":55,"column":6},"end":{"line":69,"column":8}},"12":{"start":{"line":56,"column":8},"end":{"line":56,"column":32}},"13":{"start":{"line":57,"column":8},"end":{"line":57,"column":23}},"14":{"start":{"line":58,"column":8},"end":{"line":58,"column":25}},"15":{"start":{"line":59,"column":8},"end":{"line":62,"column":9}},"16":{"start":{"line":60,"column":10},"end":{"line":60,"column":25}},"17":{"start":{"line":61,"column":10},"end":{"line":61,"column":19}},"18":{"start":{"line":63,"column":8},"end":{"line":63,"column":39}},"19":{"start":{"line":64,"column":8},"end":{"line":67,"column":9}},"20":{"start":{"line":66,"column":10},"end":{"line":66,"column":96}},"21":{"start":{"line":68,"column":8},"end":{"line":68,"column":56}},"22":{"start":{"line":72,"column":6},"end":{"line":81,"column":8}},"23":{"start":{"line":73,"column":8},"end":{"line":79,"column":9}},"24":{"start":{"line":75,"column":10},"end":{"line":75,"column":67}},"25":{"start":{"line":76,"column":10},"end":{"line":76,"column":25}},"26":{"start":{"line":77,"column":10},"end":{"line":77,"column":30}},"27":{"start":{"line":78,"column":10},"end":{"line":78,"column":20}},"28":{"start":{"line":80,"column":8},"end":{"line":80,"column":76}},"29":{"start":{"line":83,"column":4},"end":{"line":83,"column":16}},"30":{"start":{"line":93,"column":4},"end":{"line":93,"column":34}},"31":{"start":{"line":104,"column":4},"end":{"line":106,"column":5}},"32":{"start":{"line":105,"column":6},"end":{"line":105,"column":20}},"33":{"start":{"line":107,"column":4},"end":{"line":110,"column":5}},"34":{"start":{"line":109,"column":6},"end":{"line":109,"column":20}},"35":{"start":{"line":111,"column":4},"end":{"line":111,"column":38}},"36":{"start":{"line":123,"column":4},"end":{"line":123,"column":26}},"37":{"start":{"line":124,"column":4},"end":{"line":124,"column":22}},"38":{"start":{"line":125,"column":4},"end":{"line":128,"column":5}},"39":{"start":{"line":127,"column":6},"end":{"line":127,"column":17}},"40":{"start":{"line":131,"column":4},"end":{"line":131,"column":33}},"41":{"start":{"line":132,"column":4},"end":{"line":134,"column":5}},"42":{"start":{"line":133,"column":6},"end":{"line":133,"column":48}},"43":{"start":{"line":135,"column":4},"end":{"line":143,"column":16}},"44":{"start":{"line":136,"column":6},"end":{"line":141,"column":7}},"45":{"start":{"line":137,"column":8},"end":{"line":137,"column":39}},"46":{"start":{"line":138,"column":8},"end":{"line":140,"column":9}},"47":{"start":{"line":139,"column":10},"end":{"line":139,"column":19}},"48":{"start":{"line":142,"column":6},"end":{"line":142,"column":67}},"49":{"start":{"line":153,"column":4},"end":{"line":153,"column":39}},"50":{"start":{"line":155,"column":4},"end":{"line":157,"column":5}},"51":{"start":{"line":156,"column":6},"end":{"line":156,"column":26}},"52":{"start":{"line":158,"column":4},"end":{"line":158,"column":16}},"53":{"start":{"line":168,"column":4},"end":{"line":168,"column":58}},"54":{"start":{"line":169,"column":4},"end":{"line":174,"column":5}},"55":{"start":{"line":170,"column":6},"end":{"line":170,"column":49}},"56":{"start":{"line":171,"column":6},"end":{"line":173,"column":7}},"57":{"start":{"line":172,"column":8},"end":{"line":172,"column":33}},"58":{"start":{"line":175,"column":4},"end":{"line":175,"column":16}},"59":{"start":{"line":185,"column":4},"end":{"line":185,"column":70}},"60":{"start":{"line":191,"column":0},"end":{"line":191,"column":64}},"61":{"start":{"line":194,"column":0},"end":{"line":194,"column":26}}},"branchMap":{"1":{"line":42,"type":"if","locations":[{"start":{"line":42,"column":4},"end":{"line":42,"column":4}},{"start":{"line":42,"column":4},"end":{"line":42,"column":4}}]},"2":{"line":53,"type":"if","locations":[{"start":{"line":53,"column":4},"end":{"line":53,"column":4}},{"start":{"line":53,"column":4},"end":{"line":53,"column":4}}]},"3":{"line":59,"type":"if","locations":[{"start":{"line":59,"column":8},"end":{"line":59,"column":8}},{"start":{"line":59,"column":8},"end":{"line":59,"column":8}}]},"4":{"line":64,"type":"if","locations":[{"start":{"line":64,"column":8},"end":{"line":64,"column":8}},{"start":{"line":64,"column":8},"end":{"line":64,"column":8}}]},"5":{"line":73,"type":"if","locations":[{"start":{"line":73,"column":8},"end":{"line":73,"column":8}},{"start":{"line":73,"column":8},"end":{"line":73,"column":8}}]},"6":{"line":80,"type":"cond-expr","locations":[{"start":{"line":80,"column":42},"end":{"line":80,"column":50}},{"start":{"line":80,"column":53},"end":{"line":80,"column":61}}]},"7":{"line":104,"type":"if","locations":[{"start":{"line":104,"column":4},"end":{"line":104,"column":4}},{"start":{"line":104,"column":4},"end":{"line":104,"column":4}}]},"8":{"line":107,"type":"if","locations":[{"start":{"line":107,"column":4},"end":{"line":107,"column":4}},{"start":{"line":107,"column":4},"end":{"line":107,"column":4}}]},"9":{"line":125,"type":"if","locations":[{"start":{"line":125,"column":4},"end":{"line":125,"column":4}},{"start":{"line":125,"column":4},"end":{"line":125,"column":4}}]},"10":{"line":132,"type":"if","locations":[{"start":{"line":132,"column":4},"end":{"line":132,"column":4}},{"start":{"line":132,"column":4},"end":{"line":132,"column":4}}]},"11":{"line":136,"type":"if","locations":[{"start":{"line":136,"column":6},"end":{"line":136,"column":6}},{"start":{"line":136,"column":6},"end":{"line":136,"column":6}}]},"12":{"line":138,"type":"if","locations":[{"start":{"line":138,"column":8},"end":{"line":138,"column":8}},{"start":{"line":138,"column":8},"end":{"line":138,"column":8}}]},"13":{"line":155,"type":"if","locations":[{"start":{"line":155,"column":4},"end":{"line":155,"column":4}},{"start":{"line":155,"column":4},"end":{"line":155,"column":4}}]},"14":{"line":155,"type":"binary-expr","locations":[{"start":{"line":155,"column":8},"end":{"line":155,"column":11}},{"start":{"line":155,"column":15},"end":{"line":155,"column":27}},{"start":{"line":155,"column":31},"end":{"line":155,"column":60}}]},"15":{"line":155,"type":"binary-expr","locations":[{"start":{"line":155,"column":32},"end":{"line":155,"column":46}},{"start":{"line":155,"column":50},"end":{"line":155,"column":51}}]},"16":{"line":169,"type":"if","locations":[{"start":{"line":169,"column":4},"end":{"line":169,"column":4}},{"start":{"line":169,"column":4},"end":{"line":169,"column":4}}]},"17":{"line":171,"type":"if","locations":[{"start":{"line":171,"column":6},"end":{"line":171,"column":6}},{"start":{"line":171,"column":6},"end":{"line":171,"column":6}}]},"18":{"line":185,"type":"binary-expr","locations":[{"start":{"line":185,"column":11},"end":{"line":185,"column":38}},{"start":{"line":185,"column":42},"end":{"line":185,"column":69}}]},"19":{"line":191,"type":"binary-expr","locations":[{"start":{"line":191,"column":0},"end":{"line":191,"column":27}},{"start":{"line":191,"column":31},"end":{"line":191,"column":63}}]}},"code":["/*jshint -W100*/","","'use strict';","","var jschardet = require('jschardet');","","/**"," * <head>タグ内からエンコーディングを判定する正規表現"," */","/*eslint-disable key-spacing*/","var reEnc = {","  head    : /<head[\\s>]([\\s\\S]*?)<\\/head>/i,","  charset : /<meta[^>]*[\\s;]+charset\\s*=\\s*[\"']?([\\w\\-_]+)[\"']?/i","};","","/**"," * iconvモジュール情報"," */","var iconvMod = {","  engine : null,","  func   : null,","  cache  : {}","};","/*eslint-enable key-spacing*/","","/**"," * encodingモジュール本体"," */","var encoding = {","  /**","   * メソッド","   */","","  /**","   * iconvモジュールをロード","   *","   * @param module iconvモジュール名(iconv|iconv-jp|iconv-lite)","   * @return ロードできた/できなかった","   */","  iconvLoad: function (module) {","    // モジュール名チェック","    if (! /^iconv(-(jp|lite))?$/.test(module)) {","      return false;","    }","","    // モジュールをロード","    try {","      iconvMod.engine = require(module);","    } catch (/*eslint-disable no-unused-vars*/ e /*eslint-enable no-unused-vars*/) {","      return false;","    }","","    if (iconvMod.engine.Iconv) {","      // iconv/iconv-jpはIconvというメソッドを持っている","      iconvMod.func = function (enc, buffer, revert) {","        enc = enc.toUpperCase();","        var from = enc;","        var to = 'UTF-8';","        if (revert) {","          from = 'UTF-8';","          to = enc;","        }","        var cacheKey = from + ':' + to;","        if (! (cacheKey in iconvMod.cache)) {","          // Iconvオブジェクトをキャッシュする","          iconvMod.cache[cacheKey] = new iconvMod.engine.Iconv(from, to + '//TRANSLIT//IGNORE');","        }","        return iconvMod.cache[cacheKey].convert(buffer);","      };","    } else {","      // iconv-lite用","      iconvMod.func = function (enc, buffer, revert) {","        if (! iconvMod.engine.encodingExists(enc)) {","          // iconv/iconv-jpとエラーオブジェクトの形を合わせる","          var err = new Error('EINVAL, Conversion not supported.');","          err.errno = 22;","          err.code = 'EINVAL';","          throw err;","        }","        return iconvMod.engine[(revert) ? 'encode' : 'decode'](buffer, enc);","      };","    }","    return true;","  },","","  /**","   * エンコーディング名指定がUTF-8かどうか","   *","   * @param enc エンコーディング指定名('utf-8', 'shift_jis', ...)","   * @return true or false","   */","  isUTF8: function (enc) {","    return /^utf\\-?8$/i.test(enc);","  },","","  /**","   * HTML(Buffer)のエンコーディングをUTF-8に変換","   *","   * @param enc    変換元のエンコーディング","   * @param buffer HTML(Buffer)","   * @return UTF-8に変換後のHTML(Buffer)","   */","  convert: function (enc, buffer) {","    if (this.isUTF8(enc)) {","      return buffer;","    }","    if (/(shift_jis|sjis)/i.test(enc)) {","      // Shift_JISを指定してIconvで変換すると半角チルダが波ダッシュ(0x301C)に変換されてしまうのでCP932に変更","      enc = 'CP932';","    }","    return iconvMod.func(enc, buffer);","  },","","  /**","   * パラメータのURL%エンコード(各種エンコーディング対応)","   *","   * @param enc 変換先のエンコーディング","   * @param str URLエンコードする文字列","   * @return encで指定したエンコーディングでURL%エンコードした文字列","   */","  escape: function (enc, str) {","    // var re = /^[\\w\\.\\(\\)\\-!~*']+$/;  // encodeURIComponent互換","    var re = /^[\\w~.-]+$/;           // RFC-3986準拠","    str = String(str);","    if (re.test(str)) {","      // エンコード不要","      return str;","    }","","    // UTF-8から指定したエンコーディングに変換したバッファを回してエスケープ文字列作成","    var buffer = new Buffer(str);","    if (! this.isUTF8(enc)) {","      buffer = iconvMod.func(enc, buffer, true);","    }","    return Array.prototype.slice.call(buffer).map(function (b) {","      if (b < 128) {","        var c = String.fromCharCode(b);","        if (re.test(c)) {","          return c;","        }","      }","      return '%' + ('0' + b.toString(16).toUpperCase()).substr(-2);","    }).join('');","  },","","  /**","   * jschardetモジュールによるHTMLのエンコーディング判定","   *","   * @param buffer HTML(Buffer)","   * @return 判定できた場合はエンコーディング名","   */","  detectByBuffer: function (buffer) {","    var enc = jschardet.detect(buffer);","    // 高精度で判定できた場合のみ","    if (enc && enc.encoding && (enc.confidence || 0) >= 0.99) {","      return enc.encoding;","    }","    return null;","  },","","  /**","   * <head>タグ内から正規表現でエンコーディング判定","   *","   * @param buffer HTML(Buffer)","   * @return 判定できた場合はエンコーディング名","   */","  detectByHeader: function (buffer) {","    var head = buffer.toString('ascii').match(reEnc.head);","    if (head) {","      var charset = head[1].match(reEnc.charset);","      if (charset) {","        return charset[1].trim();","      }","    }","    return null;","  },","","  /**","   * HTMLエンコーディング判定(自動判定 -> <head>タグ判定の順)","   *","   * @param buffer HTML(Buffer)","   * @return 判定できた場合はエンコーディング名","   */","  detect: function (buffer) {","    return this.detectByBuffer(buffer) || this.detectByHeader(buffer);","  }","};","","// 初期状態では iconv > iconv-lite の優先順でロードしておく","/*eslint-disable no-unused-expressions*/","encoding.iconvLoad('iconv') || encoding.iconvLoad('iconv-lite');","/*eslint-enable no-unused-expressions*/","","module.exports = encoding;",""],"l":{"5":1,"11":1,"19":1,"29":1,"42":2,"43":0,"47":2,"48":2,"50":1,"53":1,"55":0,"56":0,"57":0,"58":0,"59":0,"60":0,"61":0,"63":0,"64":0,"66":0,"68":0,"72":1,"73":0,"75":0,"76":0,"77":0,"78":0,"80":0,"83":1,"93":0,"104":0,"105":0,"107":0,"109":0,"111":0,"123":0,"124":0,"125":0,"127":0,"131":0,"132":0,"133":0,"135":0,"136":0,"137":0,"138":0,"139":0,"142":0,"153":0,"155":0,"156":0,"158":0,"168":0,"169":0,"170":0,"171":0,"172":0,"175":0,"185":0,"191":1,"194":1}},"/home/travis/build/npmtest/node-npmtest-cheerio-httpcli/node_modules/cheerio-httpcli/lib/client.js":{"path":"/home/travis/build/npmtest/node-npmtest-cheerio-httpcli/node_modules/cheerio-httpcli/lib/client.js","s":{"1":1,"2":1,"3":1,"4":1,"5":1,"6":1,"7":1,"8":1,"9":1,"10":1,"11":1,"12":1,"13":1,"14":1,"15":1,"16":1,"17":0,"18":0,"19":0,"20":0,"21":0,"22":0,"23":0,"24":0,"25":0,"26":0,"27":0,"28":0,"29":0,"30":0,"31":0,"32":0,"33":0,"34":0,"35":0,"36":0,"37":0,"38":0,"39":0,"40":0,"41":0,"42":0,"43":0,"44":0,"45":0,"46":0,"47":0,"48":0,"49":0,"50":0,"51":0,"52":0,"53":0,"54":0,"55":0,"56":0,"57":0,"58":0,"59":0,"60":0,"61":0,"62":0,"63":0,"64":0,"65":0,"66":0,"67":0,"68":0,"69":0,"70":0,"71":0,"72":0,"73":0,"74":0,"75":0,"76":0,"77":0,"78":0,"79":0,"80":0,"81":0,"82":0,"83":0,"84":0,"85":0,"86":0,"87":0,"88":0,"89":0,"90":0,"91":0,"92":0,"93":0,"94":0,"95":0,"96":0,"97":0,"98":0,"99":0,"100":0,"101":0,"102":0,"103":0,"104":0,"105":0,"106":0,"107":0,"108":0,"109":0,"110":0,"111":0,"112":0,"113":0,"114":0,"115":0,"116":0,"117":0,"118":0,"119":0,"120":0,"121":0,"122":0,"123":0,"124":0,"125":0,"126":0,"127":0,"128":0,"129":0,"130":0,"131":0,"132":0,"133":0,"134":0,"135":0,"136":0,"137":0,"138":0,"139":0,"140":0,"141":0,"142":0,"143":0,"144":0,"145":0,"146":0,"147":0,"148":0,"149":0,"150":0,"151":0,"152":0,"153":0,"154":0,"155":0,"156":0,"157":0,"158":0,"159":0,"160":0,"161":0,"162":0,"163":0,"164":0,"165":0,"166":0,"167":0,"168":0,"169":0,"170":0,"171":0,"172":0,"173":0,"174":0,"175":0,"176":0,"177":0,"178":0,"179":0,"180":0,"181":0,"182":0,"183":0,"184":0,"185":0,"186":0,"187":0,"188":0,"189":0,"190":0,"191":0,"192":0,"193":0,"194":0,"195":0,"196":0,"197":0,"198":0,"199":0,"200":0,"201":0,"202":0,"203":0,"204":0,"205":0,"206":0,"207":0,"208":0,"209":0,"210":0,"211":0,"212":0,"213":0,"214":0,"215":0,"216":0},"b":{"1":[0,0],"2":[0,0],"3":[0,0],"4":[0,0],"5":[0,0],"6":[0,0],"7":[0,0],"8":[0,0],"9":[0,0],"10":[0,0],"11":[0,0],"12":[0,0],"13":[0,0],"14":[0,0],"15":[0,0],"16":[0,0],"17":[0,0],"18":[0,0],"19":[0,0],"20":[0,0],"21":[0,0],"22":[0,0],"23":[0,0],"24":[0,0],"25":[0,0],"26":[0,0],"27":[0,0],"28":[0,0],"29":[0,0],"30":[0,0],"31":[0,0],"32":[0,0],"33":[0,0],"34":[0,0],"35":[0,0],"36":[0,0],"37":[0,0],"38":[0,0],"39":[0,0],"40":[0,0],"41":[0,0],"42":[0,0],"43":[0,0],"44":[0,0],"45":[0,0],"46":[0,0],"47":[0,0],"48":[0,0],"49":[0,0,0,0],"50":[0,0],"51":[0,0],"52":[0,0],"53":[0,0],"54":[0,0],"55":[0,0,0],"56":[0,0],"57":[0,0],"58":[0,0],"59":[0,0],"60":[0,0],"61":[0,0],"62":[0,0,0],"63":[0,0],"64":[0,0],"65":[0,0],"66":[0,0],"67":[0,0],"68":[0,0],"69":[0,0],"70":[0,0],"71":[0,0]},"f":{"1":1,"2":0,"3":0,"4":0,"5":0,"6":0,"7":0,"8":0,"9":0,"10":0,"11":0,"12":0,"13":0,"14":0,"15":0,"16":0,"17":0,"18":0,"19":0,"20":0,"21":0,"22":0,"23":0,"24":0,"25":0,"26":0},"fnMap":{"1":{"name":"(anonymous_1)","line":56,"loc":{"start":{"line":56,"column":9},"end":{"line":56,"column":21}}},"2":{"name":"(anonymous_2)","line":70,"loc":{"start":{"line":70,"column":8},"end":{"line":70,"column":55}}},"3":{"name":"(anonymous_3)","line":82,"loc":{"start":{"line":82,"column":16},"end":{"line":82,"column":40}}},"4":{"name":"(anonymous_4)","line":95,"loc":{"start":{"line":95,"column":19},"end":{"line":95,"column":40}}},"5":{"name":"(anonymous_5)","line":117,"loc":{"start":{"line":117,"column":9},"end":{"line":117,"column":48}}},"6":{"name":"(anonymous_6)","line":127,"loc":{"start":{"line":127,"column":29},"end":{"line":127,"column":56}}},"7":{"name":"(anonymous_7)","line":139,"loc":{"start":{"line":139,"column":17},"end":{"line":139,"column":38}}},"8":{"name":"(anonymous_8)","line":170,"loc":{"start":{"line":170,"column":11},"end":{"line":170,"column":45}}},"9":{"name":"(anonymous_9)","line":181,"loc":{"start":{"line":181,"column":30},"end":{"line":181,"column":56}}},"10":{"name":"(anonymous_10)","line":224,"loc":{"start":{"line":224,"column":30},"end":{"line":224,"column":47}}},"11":{"name":"(anonymous_11)","line":248,"loc":{"start":{"line":248,"column":11},"end":{"line":248,"column":47}}},"12":{"name":"(anonymous_12)","line":250,"loc":{"start":{"line":250,"column":33},"end":{"line":250,"column":59}}},"13":{"name":"(anonymous_13)","line":274,"loc":{"start":{"line":274,"column":24},"end":{"line":274,"column":43}}},"14":{"name":"(anonymous_14)","line":276,"loc":{"start":{"line":276,"column":58},"end":{"line":276,"column":71}}},"15":{"name":"(anonymous_15)","line":294,"loc":{"start":{"line":294,"column":15},"end":{"line":294,"column":34}}},"16":{"name":"(anonymous_16)","line":305,"loc":{"start":{"line":305,"column":20},"end":{"line":305,"column":40}}},"17":{"name":"(anonymous_17)",
[...]
ype":"binary-expr","locations":[{"start":{"line":294,"column":8},"end":{"line":294,"column":20}},{"start":{"line":294,"column":24},"end":{"line":294,"column":36}}]},"17":{"line":304,"type":"if","locations":[{"start":{"line":304,"column":6},"end":{"line":304,"column":6}},{"start":{"line":304,"column":6},"end":{"line":304,"column":6}}]},"18":{"line":312,"type":"if","locations":[{"start":{"line":312,"column":6},"end":{"line":312,"column":6}},{"start":{"line":312,"column":6},"end":{"line":312,"column":6}}]},"19":{"line":331,"type":"if","locations":[{"start":{"line":331,"column":6},"end":{"line":331,"column":6}},{"start":{"line":331,"column":6},"end":{"line":331,"column":6}}]}},"code":["/*eslint no-invalid-this:0*/","/*jshint -W100*/","","'use strict';","","var util   = require('util');","var events = require('events');","var stream = require('stream');","var async  = require('async');","var assign = require('object-assign');","var cutil  = require('./util');","","module.exports = function (encoding, client, cheerio) {","  var urlCache = [];","","  /**","   * ダウンロードイベント管理用クラス","   *","   * すべてのダウンロード結果はこのクラスにemit()される","   * - success: ダウンロード完了時(url, buffer)","   * - error:   ダウンロード失敗時(error)","   */","  var DownloadEvent = (function () {","    function DownloadEvent() {","      events.EventEmitter.call(this);","      this.parallel = 3;","      this.state = Object.freeze({","        queue: 0,     // ダウンロードキューに残っている順番待ち画像の数","        complete: 0,  // ダウンロードが完了した画像の数","        error: 0      // ダウンロードが失敗した画像の数","      });","    }","    util.inherits(DownloadEvent, events.EventEmitter);","","    /**","     * URLキャッシュクリア","     */","    DownloadEvent.prototype.clearCache = function () {","      urlCache.length = 0;","    };","","    return DownloadEvent;","  })();","  client.core.download = new DownloadEvent();","","","  /**","   * ダウンロードストリームクラス","   */","  var DownloadStream = (function () {","    function DownloadStream(res) {","      stream.PassThrough.call(this);","      this.url = (res.request) ? res.request.uri : 'base64';","      this.type = res.headers['content-type'];","      this.length = Number(res.headers['content-length'] || -1);","","      // タイムアウト時間を過ぎてもStreamの読み出しが行われていない場合は放置されているとみなす","      this.__timer = setTimeout((function () {","        if (! this.isUsed()) {","          clearTimeout(this.__timer);","          this.__timer = null;","          this.emit('error', new Error('stream timeout (maybe stream is not used)'));","        }","      }).bind(this), client.core.timeout);","    }","    util.inherits(DownloadStream, stream.PassThrough);","","    /**","     * Stream => Buffer","     *","     * @param cb 変換後のBufferを受け取るコールバック関数(err, buffer)","     */","    DownloadStream.prototype.toBuffer = function (cb) {","      if (! (cb instanceof Function)) {","        throw new Error('callback is not function');","      }","      if (this.isUsed()) {","        throw new Error('stream has already been read');","      }","","      var buffer = [];","      this.on('data', function (chunk) {","        buffer.push(chunk);","      });","      this.on('error', function (err) {","        cb.call(this, err);","      });","      this.on('end', function () {","        cb.call(this, null, Buffer.concat(buffer));","      });","    };","","    /**","     * Streamの読み出しが開始されたかどうか(on('data')/pipe()が使用された形跡でチェック)","     *","     * @return true: 開始された","     */","    DownloadStream.prototype.isUsed = function () {","      return (this._readableState.pipesCount > 0 || this.listeners('data').length > 0);","    };","","    /**","     * 手動でend()が呼ばれた場合はスキップ扱いにする","     */","    DownloadStream.prototype.end = function () {","      if (! this.__timer) {","        return;","      }","      clearTimeout(this.__timer);","      this.__timer = null;","      this.emit('end');","    };","","    return DownloadStream;","  })();","","","  /**","   * イベント管理用クラスカウントを更新","   */","  function updateState(counts) {","    client.core.download.state = Object.freeze(","      assign({}, client.core.download.state, counts)","    );","  }","","","  /**","   * ダウンロード統括管理用クラス","   */","  var DownloadManager = (function () {","    var jobRunning = false;","","    /**","     * ダウンロードループ実行","     */","    function downloadJob(manager) {","      // 実行フラグON","      jobRunning = true;","","      // 現在キューに入っている分を全部切り出して一時キューに移動","      var qLen = manager.queue.length;","      var tmp = {","        queue: manager.queue.splice(0, qLen),","        complete: 0,","        error: 0,","        applyState: function (complete, error) {","          // 一時キューの処理状況をダウンロードマネージャーに反映させる","          this.complete += complete;","          this.error += error;","          updateState({","            complete: client.core.download.state.complete + complete,","            error: client.core.download.state.error + error,","            queue: manager.queue.length + this.queue.length - this.complete - this.error","          });","        }","      };","","      // 一時キュー内のURLを順番にダウンロード(同時処理数: parallel)","      async.eachLimit(tmp.queue, manager.parallel, function (url, next) {","        var req = null;    // リクエストオブジェクト","        var strm = null;   // ダウンロードストリームオブジェクト","","        // 失敗時の処理","        var onError = function (err) {","          tmp.applyState(0, 1);","          err.url = url;","          client.core.download.emit('error', err);","          req.abort();","          next();","          return;","        };","","        // ストリームで取得する場合はgzipにしない","        var options = client.prepare('GET', url, {}, null);","        options.param.gzip = false;","        try {","          req = client.request(options.param);","        } catch (e) {","          e.type = 'Request Exception';","          onError(e);","          return;","        }","","        req","        .on('response', function (res) {","          if (String(res.statusCode).substr(0, 2) !== '20') {","            var err = new Error('server status');","            err.statusCode = res.statusCode;","            err.type = 'Invalid Response';","            onError(err);","            return;","          }","","          // ダウンロードストリームオブジェクトを作成してレスポンスを流し込む","          strm = new DownloadStream(res);","          // ダウンロード完了時","          strm","          .on('end', function () {","            tmp.applyState(1, 0);","            req.abort();","            next();","          })","          .on('error', function (err) {","            err.type = 'Stream Error';","            onError(err);","          });","","          client.core.download.emit('ready', strm);","          req.pipe(strm);","        })","        // 複数回発生するようなのでonce","        .once('error', function (err) {","          err.type = 'Request Error';","          return onError(err);","        });","      }, function (err) {","        // 現在のダウンロード中にキューに追加されているURLがあるかもしれないので","        // 再度loopイベントを飛ばしておく","        jobRunning = false;","        manager.emit('loop');","      });","    }","","    function DownloadManager() {","      this.queue = [];       // ダウンロード待ちURL配列","","      this.on('loop', (function () {","        if (jobRunning) {","          // 二重処理防止","          return;","        }","","        if (this.queue.length > 0) {","          downloadJob(this);","        } else {","          client.core.download.emit('end');","        }","      }).bind(this));","    }","    util.inherits(DownloadManager, events.EventEmitter);","","    /**","     * ダウンロードキューにURLを追加","     *","     * @param url ダウンロードするURL","     * @return    true: キューに登録された","     */","    DownloadManager.prototype.addQueue = function (url) {","      if (! url) {","        return false;","      }","      if (cutil.inArray(urlCache, url)) {","        // 登録/ダウンロード済み","        return false;","      }","      urlCache.push(url);","      process.nextTick((function () {","        this.queue.push(url);","        this.emit('loop');","      }).bind(this));","      return true;","    };","","    return DownloadManager;","  })();","  var manager = new DownloadManager();","","","  /**","   * img要素の画像をダウンロード","   *","   * @param srcAttrs  (imgのみ)srcよりも優先して取得する属性名(文字列 or 配列)","   * @return キューに登録した数","   */","  cheerio.prototype.download = function (srcAttrs) {","    // ダウンロードマネージャーの設定がされていない","    if (client.core.download.listeners('ready').length === 0) {","      throw new Error('download manager configured no event');","    }","","    var doc = cutil.documentInfo(this);","    var $ = cheerio;","","    // 最初に全要素がimg要素かどうかチェック","    this.each(function () {","      if (! $(this).is('img')) {","        throw new Error('element is not img');","      }","    });","","    // 同時実行数チェック","    var parallel = parseInt(client.core.download.parallel, 10);","    if (parallel < 1 || parallel > 5) {","      throw new Error('valid download parallel range is 1 and 5');","    }","    manager.parallel = parallel;","","    var queued = 0;","    this.each(function () {","      var $elem = $(this);","","      // ここの$はfetch()を経由していないので_documentInfoがない","      if (! $elem._root) {","        $elem._root = {","          0: { _documentInfo: doc }","        };","      }","","      // Base64埋め込み画像の場合はBuffer化して即返す","      var b64chk = $elem.attr('src').match(/^data:(image\\/\\w+);base64,([\\s\\S]+)$/i);","      if (b64chk) {","        updateState({","          complete: client.core.download.state.complete + 1","        });","        var b64buf = new Buffer(b64chk[2], 'base64');","        var strm = new DownloadStream({","          headers: {","            'content-type': b64chk[1],","            'content-length': b64buf.length","          }","        });","        client.core.download.emit('ready', strm);","        strm.write(b64buf);","        strm.end();","        queued++;","        return;","      }","","      var url = $elem.url({ invalid: false }, srcAttrs);","      if (manager.addQueue(url)) {","        queued++;","      }","    });","","    return queued;","  };","};",""],"l":{"6":1,"7":1,"8":1,"9":1,"10":1,"11":1,"13":1,"14":1,"23":1,"24":1,"25":1,"26":1,"27":1,"33":1,"38":1,"39":0,"42":1,"44":1,"50":1,"51":1,"52":0,"53":0,"54":0,"55":0,"58":0,"59":0,"60":0,"61":0,"62":0,"66":1,"73":1,"74":0,"75":0,"77":0,"78":0,"81":0,"82":0,"83":0,"85":0,"86":0,"88":0,"89":0,"98":1,"99":0,"105":1,"106":0,"107":0,"109":0,"110":0,"111":0,"114":1,"121":1,"122":0,"131":1,"132":1,"137":1,"139":0,"142":0,"143":0,"149":0,"150":0,"151":0,"160":0,"161":0,"162":0,"165":0,"166":0,"167":0,"168":0,"169":0,"170":0,"171":0,"175":0,"176":0,"177":0,"178":0,"180":0,"181":0,"182":0,"185":0,"187":0,"188":0,"189":0,"190":0,"191":0,"192":0,"196":0,"198":0,"200":0,"201":0,"202":0,"205":0,"206":0,"209":0,"210":0,"214":0,"215":0,"220":0,"221":0,"225":1,"226":1,"228":1,"229":0,"231":0,"234":0,"235":0,"237":0,"241":1,"249":1,"250":0,"251":0,"253":0,"255":0,"257":0,"258":0,"259":0,"260":0,"262":0,"265":1,"267":1,"276":1,"278":0,"279":0,"282":0,"283":0,"286":0,"287":0,"288":0,"293":0,"294":0,"295":0,"297":0,"299":0,"300":0,"301":0,"304":0,"305":0,"311":0,"312":0,"313":0,"316":0,"317":0,"323":0,"324":0,"325":0,"326":0,"327":0,"330":0,"331":0,"332":0,"336":0}},"/home/travis/build/npmtest/node-npmtest-cheerio-httpcli/node_modules/cheerio-httpcli/testrunner.js":{"path":"/home/travis/build/npmtest/node-npmtest-cheerio-httpcli/node_modules/cheerio-httpcli/testrunner.js","s":{"1":2,"2":0,"3":0,"4":0,"5":0,"6":0,"7":0,"8":0,"9":0,"10":0,"11":0,"12":0,"13":0,"14":0,"15":0,"16":0,"17":0,"18":0,"19":0,"20":0,"21":0,"22":0,"23":0,"24":0,"25":0,"26":0,"27":0,"28":0,"29":0},"b":{"1":[0,0],"2":[0,0],"3":[0,0]},"f":{"1":0,"2":0,"3":0,"4":0,"5":0,"6":0},"fnMap":{"1":{"name":"(anonymous_1)","line":19,"loc":{"start":{"line":19,"column":31},"end":{"line":19,"column":47}}},"2":{"name":"(anonymous_2)","line":21,"loc":{"start":{"line":21,"column":11},"end":{"line":21,"column":27}}},"3":{"name":"(anonymous_3)","line":30,"loc":{"start":{"line":30,"column":17},"end":{"line":30,"column":32}}},"4":{"name":"(anonymous_4)","line":42,"loc":{"start":{"line":42,"column":25},"end":{"line":42,"column":41}}},"5":{"name":"(anonymous_5)","line":45,"loc":{"start":{"line":45,"column":25},"end":{"line":45,"column":41}}},"6":{"name":"(anonymous_6)","line":48,"loc":{"start":{"line":48,"column":21},"end":{"line":48,"column":41}}}},"statementMap":{"1":{"start":{"line":3,"column":0},"end":{"line":3,"column":29}},"2":{"start":{"line":4,"column":0},"end":{"line":4,"column":28}},"3":{"start":{"line":5,"column":0},"end":{"line":5,"column":26}},"4":{"start":{"line":6,"column":0},"end":{"line":6,"column":43}},"5":{"start":{"line":7,"column":0},"end":{"line":7,"column":34}},"6":{"start":{"line":8,"column":0},"end":{"line":8,"column":23}},"7":{"start":{"line":9,"column":0},"end":{"line":9,"column":34}},"8":{"start":{"line":11,"column":0},"end":{"line":16,"column":3}},"9":{"start":{"line":18,"column":0},"end":{"line":18,"column":43}},"10":{"start":{"line":19,"column":0},"end":{"line":23,"column":3}},"11":{"start":{"line":20,"column":2},"end":{"line":20,"column":35}},"12":{"start":{"line":22,"column":2},"end":{"line":22,"column":42}},"13":{"start":{"line":26,"column":0},"end":{"line":26,"column":26}},"14":{"start":{"line":27,"column":0},"end":{"line":27,"column":23}},"15":{"start":{"line":28,"column":0},"end":{"line":28,"column":15}},"16":{"start":{"line":29,"column":0},"end":{"line":29,"column":27}},"17":{"start":{"line":30,"column":0},"end":{"line":35,"column":3}},"18":{"start":{"line":31,"column":2},"end":{"line":34,"column":3}},"19":{"start":{"line":32,"column":4},"end":{"line":32,"column":29}},"20":{"start":{"line":33,"column":4},"end":{"line":33,"column":19}},"21":{"start":{"line":37,"column":0},"end":{"line":41,"column":3}},"22":{"start":{"line":42,"column":0},"end":{"line":44,"column":3}},"23":{"start":{"line":43,"column":2},"end":{"line":43,"column":29}},"24":{"start":{"line":45,"column":0},"end":{"line":54,"column":3}},"25":{"start":{"line":46,"column":2},"end":{"line":52,"column":3}},"26":{"start":{"line":48,"column":4},"end":{"line":51,"column":7}},"27":{"start":{"line":49,"column":6},"end":{"line":49,"column":31}},"28":{"start":{"line":50,"column":6},"end":{"line":50,"column":29}},"29":{"start":{"line":53,"column":2},"end":{"line":53,"column":29}}},"branchMap":{"1":{"line":13,"type":"binary-expr","locations":[{"start":{"line":13,"column":12},"end":{"line":13,"column":18}},{"start":{"line":13,"column":22},"end":{"line":13,"column":28}}]},"2":{"line":31,"type":"if","locations":[{"start":{"line":31,"column":2},"end":{"line":31,"column":2}},{"start":{"line":31,"column":2},"end":{"line":31,"column":2}}]},"3":{"line":46,"type":"if","locations":[{"start":{"line":46,"column":2},"end":{"line":46,"column":2}},{"start":{"line":46,"column":2},"end":{"line":46,"column":2}}]}},"code":["//#!/usr/bin/env node","","var Mocha = require('mocha');","var path  = require('path');","var fs    = require('fs');","var spawn = require('child_process').spawn;","var argv  = require('yargs').argv;","require('mocha-clean');","require('intelli-espower-loader');","","var mocha = new Mocha({","  ui: 'bdd',","  reporter: argv.R || 'spec',","  timeout: 20000,","  grep: argv.g","});","","var testDir = path.join(__dirname, 'test');","fs.readdirSync(testDir).filter(function (file) {","  return /^[^_].*\\.js$/.test(file);","}).forEach(function (file) {","  mocha.addFile(path.join(testDir, file));","});","","// Ctrl-C","var stdin = process.stdin;","stdin.setRawMode(true);","stdin.resume();","stdin.setEncoding('utf-8');","stdin.on('data', function (key) {","  if (key === '\\u0003') {","    process.kill(server.pid);","    process.exit();","  }","});","","var server = spawn(process.execPath, [","  path.join(__dirname, 'test/_server.js')","], {","  detached: true","});","server.stdout.on('data', function (data) {","  process.stdout.write(data);","});","server.stderr.on('data', function (data) {","  if (data.toString() === '%%% server start %%%') {","    // start mocha","    return mocha.run(function (failures) {","      process.kill(server.pid);","      process.exit(failures);","    });","  }","  process.stderr.write(data);","});",""],"l":{"3":2,"4":0,"5":0,"6":0,"7":0,"8":0,"9":0,"11":0,"18":0,"19":0,"20":0,"22":0,"26":0,"27":0,"28":0,"29":0,"30":0,"31":0,"32":0,"33":0,"37":0,"42":0,"43":0,"45":0,"46":0,"48":0,"49":0,"50":0,"53":0}},"/home/travis/build/npmtest/node-npmtest-cheerio-httpcli/node_modules/cheerio-httpcli/lib/worker.js":{"path":"/home/travis/build/npmtest/node-npmtest-cheerio-httpcli/node_modules/cheerio-httpcli/lib/worker.js","s":{"1":1,"2":1,"3":1,"4":1,"5":1,"6":0,"7":1,"8":0,"9":0,"10":0,"11":0,"12":0,"13":0,"14":0,"15":0,"16":0,"17":0,"18":0},"b":{"1":[0,0],"2":[0,0],"3":[0,0]},"f":{"1":0,"2":0,"3":0,"4":0},"fnMap":{"1":{"name":"(anonymous_1)","line":11,"loc":{"start":{"line":11,"column":25},"end":{"line":11,"column":42}}},"2":{"name":"(anonymous_2)","line":15,"loc":{"start":{"line":15,"column":24},"end":{"line":15,"column":36}}},"3":{"name":"(anonymous_3)","line":21,"loc":{"start":{"line":21,"column":36},"end":{"line":21,"column":51}}},"4":{"name":"(anonymous_4)","line":27,"loc":{"start":{"line":27,"column":45},"end":{"line":27,"column":71}}}},"statementMap":{"1":{"start":{"line":5,"column":0},"end":{"line":5,"column":33}},"2":{"start":{"line":7,"column":0},"end":{"line":7,"column":23}},"3":{"start":{"line":8,"column":0},"end":{"line":8,"column":34}},"4":{"start":{"line":10,"column":0},"end":{"line":10,"column":15}},"5":{"start":{"line":11,"column":0},"end":{"line":13,"column":3}},"6":{"start":{"line":12,"column":2},"end":{"line":12,"column":17}},"7":{"start":{"line":15,"column":0},"end":{"line":37,"column":3}},"8":{"start":{"line":16,"column":2},"end":{"line":16,"column":31}},"9":{"start":{"line":17,"column":2},"end":{"line":17,"column":26}},"10":{"start":{"line":20,"column":2},"end":{"line":20,"column":39}},"11":{"start":{"line":21,"column":2},"end":{"line":25,"column":5}},"12":{"start":{"line":22,"column":4},"end":{"line":22,"column":32}},"13":{"start":{"line":23,"column":4},"end":{"line":23,"column":55}},"14":{"start":{"line":24,"column":4},"end":{"line":24,"column":53}},"15":{"start":{"line":27,"column":2},"end":{"line":36,"column":5}},"16":{"start":{"line":28,"column":4},"end":{"line":30,"column":5}},"17":{"start":{"line":29,"column":6},"end":{"line":29,"column":40}},"18":{"start":{"line":31,"column":4},"end":{"line":35,"column":8}}},"branchMap":{"1":{"line":28,"type":"if","locations":[{"start":{"line":28,"column":4},"end":{"line":28,"column":4}},{"start":{"line":28,"column":4},"end":{"line":28,"column":4}}]},"2":{"line":33,"type":"cond-expr","locations":[{"start":{"line":33,"column":24},"end":{"line":33,"column":36}},{"start":{"line":33,"column":39},"end":{"line":33,"column":43}}]},"3":{"line":34,"type":"binary-expr","locations":[{"start":{"line":34,"column":15},"end":{"line":34,"column":56}},{"start":{"line":34,"column":60},"end":{"line":34,"column":62}}]}},"code":["/*jshint -W100*/","","'use strict';","","var client = require('./client');","","process.stdin.resume();","process.stdin.setEncoding('utf8');","","var input = '';","process.stdin.on('data', function (chunk) {","  input += chunk;","});","","process.stdin.on('end', function () {","  var args = JSON.parse(input);","  client.core = args.core;","","  // こちらでjarを作りなおす","  args.param.jar = client.engine.jar();","  Object.keys(args.cookies).forEach(function (key) {","    var val = args.cookies[key];","    var cookie = client.engine.cookie(key + '=' + val);","    args.param.jar.setCookie(cookie, args.param.uri);","  });","","  client.request(args.param, args.core.gzip, function (err, res, body) {","    if (err) {","      process.stderr.write(err.message);","    }","    process.stdout.write(JSON.stringify({","      body: body,","      response: (res) ? res.toJSON() : null,","      cookies: args.param.jar.getCookies(args.param.uri) || []","    }));","  });","});",""],"l":{"5":1,"7":1,"8":1,"10":1,"11":1,"12":0,"15":1,"16":0,"17":0,"20":0,"21":0,"22":0,"23":0,"24":0,"27":0,"28":0,"29":0,"31":0}}}